01-Dec-2019 00:21:21.523 INFO [main] org.apache.catalina.startup.VersionLoggerListener.log Server version name:   Apache Tomcat/9.0.27
01-Dec-2019 00:21:21.525 INFO [main] org.apache.catalina.startup.VersionLoggerListener.log Server built:          Oct 7 2019 09:57:22 UTC
01-Dec-2019 00:21:21.526 INFO [main] org.apache.catalina.startup.VersionLoggerListener.log Server version number: 9.0.27.0
01-Dec-2019 00:21:21.526 INFO [main] org.apache.catalina.startup.VersionLoggerListener.log OS Name:               Windows 10
01-Dec-2019 00:21:21.526 INFO [main] org.apache.catalina.startup.VersionLoggerListener.log OS Version:            10.0
01-Dec-2019 00:21:21.526 INFO [main] org.apache.catalina.startup.VersionLoggerListener.log Architecture:          amd64
01-Dec-2019 00:21:21.526 INFO [main] org.apache.catalina.startup.VersionLoggerListener.log Java Home:             C:\Program Files\Java\jdk1.8.0_191\jre
01-Dec-2019 00:21:21.526 INFO [main] org.apache.catalina.startup.VersionLoggerListener.log JVM Version:           1.8.0_191-b12
01-Dec-2019 00:21:21.526 INFO [main] org.apache.catalina.startup.VersionLoggerListener.log JVM Vendor:            Oracle Corporation
01-Dec-2019 00:21:21.527 INFO [main] org.apache.catalina.startup.VersionLoggerListener.log CATALINA_BASE:         D:\Resources\solr-8.2.0\apache-tomcat-9.0.27
01-Dec-2019 00:21:21.527 INFO [main] org.apache.catalina.startup.VersionLoggerListener.log CATALINA_HOME:         D:\Resources\solr-8.2.0\apache-tomcat-9.0.27
01-Dec-2019 00:21:21.527 INFO [main] org.apache.catalina.startup.VersionLoggerListener.log Command line argument: -Djava.util.logging.config.file=D:\Resources\solr-8.2.0\apache-tomcat-9.0.27\conf\logging.properties
01-Dec-2019 00:21:21.528 INFO [main] org.apache.catalina.startup.VersionLoggerListener.log Command line argument: -Djava.util.logging.manager=org.apache.juli.ClassLoaderLogManager
01-Dec-2019 00:21:21.528 INFO [main] org.apache.catalina.startup.VersionLoggerListener.log Command line argument: -Djdk.tls.ephemeralDHKeySize=2048
01-Dec-2019 00:21:21.528 INFO [main] org.apache.catalina.startup.VersionLoggerListener.log Command line argument: -Djava.protocol.handler.pkgs=org.apache.catalina.webresources
01-Dec-2019 00:21:21.529 INFO [main] org.apache.catalina.startup.VersionLoggerListener.log Command line argument: -Dignore.endorsed.dirs=
01-Dec-2019 00:21:21.529 INFO [main] org.apache.catalina.startup.VersionLoggerListener.log Command line argument: -Dcatalina.base=D:\Resources\solr-8.2.0\apache-tomcat-9.0.27
01-Dec-2019 00:21:21.533 INFO [main] org.apache.catalina.startup.VersionLoggerListener.log Command line argument: -Dcatalina.home=D:\Resources\solr-8.2.0\apache-tomcat-9.0.27
01-Dec-2019 00:21:21.538 INFO [main] org.apache.catalina.startup.VersionLoggerListener.log Command line argument: -Djava.io.tmpdir=D:\Resources\solr-8.2.0\apache-tomcat-9.0.27\temp
01-Dec-2019 00:21:21.542 INFO [main] org.apache.catalina.core.AprLifecycleListener.lifecycleEvent Loaded APR based Apache Tomcat Native library [1.2.23] using APR version [1.7.0].
01-Dec-2019 00:21:21.543 INFO [main] org.apache.catalina.core.AprLifecycleListener.lifecycleEvent APR capabilities: IPv6 [true], sendfile [true], accept filters [false], random [true].
01-Dec-2019 00:21:21.544 INFO [main] org.apache.catalina.core.AprLifecycleListener.lifecycleEvent APR/OpenSSL configuration: useAprConnector [false], useOpenSSL [true]
01-Dec-2019 00:21:21.591 INFO [main] org.apache.catalina.core.AprLifecycleListener.initializeSSL OpenSSL successfully initialized [OpenSSL 1.1.1c  28 May 2019]
01-Dec-2019 00:21:22.017 INFO [main] org.apache.coyote.AbstractProtocol.init Initializing ProtocolHandler ["http-nio-8081"]
01-Dec-2019 00:21:22.467 INFO [main] org.apache.coyote.AbstractProtocol.init Initializing ProtocolHandler ["ajp-nio-8009"]
01-Dec-2019 00:21:22.471 INFO [main] org.apache.catalina.startup.Catalina.load Server initialization in [1,327] milliseconds
01-Dec-2019 00:21:22.508 INFO [main] org.apache.catalina.core.StandardService.startInternal Starting service [Catalina]
01-Dec-2019 00:21:22.509 INFO [main] org.apache.catalina.core.StandardEngine.startInternal Starting Servlet engine: [Apache Tomcat/9.0.27]
01-Dec-2019 00:21:22.532 INFO [main] org.apache.catalina.startup.HostConfig.deployDirectory Deploying web application directory [D:\Resources\solr-8.2.0\apache-tomcat-9.0.27\webapps\docs]
01-Dec-2019 00:21:22.924 INFO [main] org.apache.catalina.startup.HostConfig.deployDirectory Deployment of web application directory [D:\Resources\solr-8.2.0\apache-tomcat-9.0.27\webapps\docs] has finished in [392] ms
01-Dec-2019 00:21:22.925 INFO [main] org.apache.catalina.startup.HostConfig.deployDirectory Deploying web application directory [D:\Resources\solr-8.2.0\apache-tomcat-9.0.27\webapps\examples]
01-Dec-2019 00:21:23.671 INFO [main] org.apache.catalina.startup.HostConfig.deployDirectory Deployment of web application directory [D:\Resources\solr-8.2.0\apache-tomcat-9.0.27\webapps\examples] has finished in [746] ms
01-Dec-2019 00:21:23.672 INFO [main] org.apache.catalina.startup.HostConfig.deployDirectory Deploying web application directory [D:\Resources\solr-8.2.0\apache-tomcat-9.0.27\webapps\host-manager]
01-Dec-2019 00:21:23.709 INFO [main] org.apache.catalina.startup.HostConfig.deployDirectory Deployment of web application directory [D:\Resources\solr-8.2.0\apache-tomcat-9.0.27\webapps\host-manager] has finished in [38] ms
01-Dec-2019 00:21:23.710 INFO [main] org.apache.catalina.startup.HostConfig.deployDirectory Deploying web application directory [D:\Resources\solr-8.2.0\apache-tomcat-9.0.27\webapps\manager]
01-Dec-2019 00:21:23.745 INFO [main] org.apache.catalina.startup.HostConfig.deployDirectory Deployment of web application directory [D:\Resources\solr-8.2.0\apache-tomcat-9.0.27\webapps\manager] has finished in [36] ms
01-Dec-2019 00:21:23.746 INFO [main] org.apache.catalina.startup.HostConfig.deployDirectory Deploying web application directory [D:\Resources\solr-8.2.0\apache-tomcat-9.0.27\webapps\ROOT]
01-Dec-2019 00:21:23.811 INFO [main] org.apache.catalina.startup.HostConfig.deployDirectory Deployment of web application directory [D:\Resources\solr-8.2.0\apache-tomcat-9.0.27\webapps\ROOT] has finished in [65] ms
01-Dec-2019 00:21:23.812 INFO [main] org.apache.catalina.startup.HostConfig.deployDirectory Deploying web application directory [D:\Resources\solr-8.2.0\apache-tomcat-9.0.27\webapps\solr]
01-Dec-2019 00:21:33.491 INFO [main] org.apache.jasper.servlet.TldScanner.scanJars At least one JAR was scanned for TLDs yet contained no TLDs. Enable debug logging for this logger for a complete list of JARs that were scanned but no TLDs were found in them. Skipping unneeded JARs during scanning can improve startup time and JSP compilation time.
01-Dec-2019 00:21:47.597 INFO [main] org.apache.catalina.startup.HostConfig.deployDirectory Deployment of web application directory [D:\Resources\solr-8.2.0\apache-tomcat-9.0.27\webapps\solr] has finished in [23,785] ms
01-Dec-2019 00:21:47.637 INFO [main] org.apache.coyote.AbstractProtocol.start Starting ProtocolHandler ["http-nio-8081"]
01-Dec-2019 00:21:47.662 INFO [main] org.apache.coyote.AbstractProtocol.start Starting ProtocolHandler ["ajp-nio-8009"]
01-Dec-2019 00:21:47.669 INFO [main] org.apache.catalina.startup.Catalina.start Server startup in [25,196] milliseconds
01-Dec-2019 00:22:20.542 WARNING [main] org.apache.catalina.core.StandardServer.await Invalid shutdown command [] received
01-Dec-2019 00:37:08.828 WARNING [main] org.apache.catalina.core.StandardServer.await Invalid shutdown command [] received
01-Dec-2019 00:48:57.389 WARNING [main] org.apache.catalina.core.StandardServer.await Invalid shutdown command [] received
01-Dec-2019 00:55:06.413 WARNING [main] org.apache.catalina.core.StandardServer.await Invalid shutdown command [] received
01-Dec-2019 01:01:59.498 WARNING [main] org.apache.catalina.core.StandardServer.await Invalid shutdown command [] received
01-Dec-2019 01:11:45.070 WARNING [main] org.apache.catalina.core.StandardServer.await Invalid shutdown command [] received
01-Dec-2019 01:19:00.688 WARNING [main] org.apache.catalina.core.StandardServer.await Invalid shutdown command [] received
01-Dec-2019 01:21:51.639 WARNING [main] org.apache.catalina.core.StandardServer.await Invalid shutdown command [] received
01-Dec-2019 01:23:55.124 WARNING [main] org.apache.catalina.core.StandardServer.await Invalid shutdown command [] received
01-Dec-2019 01:31:44.501 WARNING [main] org.apache.catalina.core.StandardServer.await Invalid shutdown command [] received
01-Dec-2019 01:45:40.527 WARNING [main] org.apache.catalina.core.StandardServer.await Invalid shutdown command [] received
01-Dec-2019 01:57:42.384 WARNING [main] org.apache.catalina.core.StandardServer.await Invalid shutdown command [] received
01-Dec-2019 02:05:25.594 WARNING [main] org.apache.catalina.core.StandardServer.await Invalid shutdown command [] received
01-Dec-2019 02:07:43.396 WARNING [main] org.apache.catalina.core.StandardServer.await Invalid shutdown command [] received
01-Dec-2019 02:21:40.173 WARNING [main] org.apache.catalina.core.StandardServer.await Invalid shutdown command [] received
01-Dec-2019 02:27:13.871 WARNING [main] org.apache.catalina.core.StandardServer.await Invalid shutdown command [] received
01-Dec-2019 02:29:17.572 WARNING [main] org.apache.catalina.core.StandardServer.await Invalid shutdown command [] received
01-Dec-2019 02:41:51.074 INFO [main] org.apache.catalina.core.StandardServer.await A valid shutdown command was received via the shutdown port. Stopping the Server instance.
01-Dec-2019 02:41:51.260 INFO [main] org.apache.coyote.AbstractProtocol.pause Pausing ProtocolHandler ["http-nio-8081"]
01-Dec-2019 02:41:52.045 INFO [main] org.apache.coyote.AbstractProtocol.pause Pausing ProtocolHandler ["ajp-nio-8009"]
01-Dec-2019 02:41:52.454 INFO [main] org.apache.catalina.core.StandardService.stopInternal Stopping service [Catalina]
01-Dec-2019 02:41:56.717 WARNING [main] org.apache.catalina.loader.WebappClassLoaderBase.clearReferencesThreads The web application [solr] appears to have started a thread named [Log4j2-TF-1-AsyncLoggerConfig-1] but has failed to stop it. This is very likely to create a memory leak. Stack trace of thread:
 sun.misc.Unsafe.park(Native Method)
 java.util.concurrent.locks.LockSupport.parkNanos(LockSupport.java:215)
 java.util.concurrent.locks.AbstractQueuedSynchronizer$ConditionObject.awaitNanos(AbstractQueuedSynchronizer.java:2078)
 com.lmax.disruptor.TimeoutBlockingWaitStrategy.waitFor(TimeoutBlockingWaitStrategy.java:38)
 com.lmax.disruptor.ProcessingSequenceBarrier.waitFor(ProcessingSequenceBarrier.java:56)
 com.lmax.disruptor.BatchEventProcessor.processEvents(BatchEventProcessor.java:159)
 com.lmax.disruptor.BatchEventProcessor.run(BatchEventProcessor.java:125)
 java.lang.Thread.run(Thread.java:748)
01-Dec-2019 02:41:59.524 INFO [main] org.apache.coyote.AbstractProtocol.stop Stopping ProtocolHandler ["http-nio-8081"]
01-Dec-2019 02:41:59.564 INFO [main] org.apache.coyote.AbstractProtocol.stop Stopping ProtocolHandler ["ajp-nio-8009"]
01-Dec-2019 02:41:59.572 INFO [main] org.apache.coyote.AbstractProtocol.destroy Destroying ProtocolHandler ["http-nio-8081"]
01-Dec-2019 02:41:59.636 INFO [main] org.apache.coyote.AbstractProtocol.destroy Destroying ProtocolHandler ["ajp-nio-8009"]
01-Dec-2019 12:23:39.612 INFO [main] org.apache.catalina.startup.VersionLoggerListener.log Server version name:   Apache Tomcat/9.0.27
01-Dec-2019 12:23:39.615 INFO [main] org.apache.catalina.startup.VersionLoggerListener.log Server built:          Oct 7 2019 09:57:22 UTC
01-Dec-2019 12:23:39.615 INFO [main] org.apache.catalina.startup.VersionLoggerListener.log Server version number: 9.0.27.0
01-Dec-2019 12:23:39.616 INFO [main] org.apache.catalina.startup.VersionLoggerListener.log OS Name:               Windows 10
01-Dec-2019 12:23:39.616 INFO [main] org.apache.catalina.startup.VersionLoggerListener.log OS Version:            10.0
01-Dec-2019 12:23:39.616 INFO [main] org.apache.catalina.startup.VersionLoggerListener.log Architecture:          amd64
01-Dec-2019 12:23:39.617 INFO [main] org.apache.catalina.startup.VersionLoggerListener.log Java Home:             C:\Program Files\Java\jdk1.8.0_191\jre
01-Dec-2019 12:23:39.617 INFO [main] org.apache.catalina.startup.VersionLoggerListener.log JVM Version:           1.8.0_191-b12
01-Dec-2019 12:23:39.617 INFO [main] org.apache.catalina.startup.VersionLoggerListener.log JVM Vendor:            Oracle Corporation
01-Dec-2019 12:23:39.617 INFO [main] org.apache.catalina.startup.VersionLoggerListener.log CATALINA_BASE:         D:\Resources\solr-8.2.0\apache-tomcat-9.0.27
01-Dec-2019 12:23:39.618 INFO [main] org.apache.catalina.startup.VersionLoggerListener.log CATALINA_HOME:         D:\Resources\solr-8.2.0\apache-tomcat-9.0.27
01-Dec-2019 12:23:39.619 INFO [main] org.apache.catalina.startup.VersionLoggerListener.log Command line argument: -Djava.util.logging.config.file=D:\Resources\solr-8.2.0\apache-tomcat-9.0.27\conf\logging.properties
01-Dec-2019 12:23:39.619 INFO [main] org.apache.catalina.startup.VersionLoggerListener.log Command line argument: -Djava.util.logging.manager=org.apache.juli.ClassLoaderLogManager
01-Dec-2019 12:23:39.619 INFO [main] org.apache.catalina.startup.VersionLoggerListener.log Command line argument: -Djdk.tls.ephemeralDHKeySize=2048
01-Dec-2019 12:23:39.620 INFO [main] org.apache.catalina.startup.VersionLoggerListener.log Command line argument: -Djava.protocol.handler.pkgs=org.apache.catalina.webresources
01-Dec-2019 12:23:39.620 INFO [main] org.apache.catalina.startup.VersionLoggerListener.log Command line argument: -Dignore.endorsed.dirs=
01-Dec-2019 12:23:39.620 INFO [main] org.apache.catalina.startup.VersionLoggerListener.log Command line argument: -Dcatalina.base=D:\Resources\solr-8.2.0\apache-tomcat-9.0.27
01-Dec-2019 12:23:39.621 INFO [main] org.apache.catalina.startup.VersionLoggerListener.log Command line argument: -Dcatalina.home=D:\Resources\solr-8.2.0\apache-tomcat-9.0.27
01-Dec-2019 12:23:39.622 INFO [main] org.apache.catalina.startup.VersionLoggerListener.log Command line argument: -Djava.io.tmpdir=D:\Resources\solr-8.2.0\apache-tomcat-9.0.27\temp
01-Dec-2019 12:23:39.622 INFO [main] org.apache.catalina.core.AprLifecycleListener.lifecycleEvent Loaded APR based Apache Tomcat Native library [1.2.23] using APR version [1.7.0].
01-Dec-2019 12:23:39.623 INFO [main] org.apache.catalina.core.AprLifecycleListener.lifecycleEvent APR capabilities: IPv6 [true], sendfile [true], accept filters [false], random [true].
01-Dec-2019 12:23:39.623 INFO [main] org.apache.catalina.core.AprLifecycleListener.lifecycleEvent APR/OpenSSL configuration: useAprConnector [false], useOpenSSL [true]
01-Dec-2019 12:23:39.779 INFO [main] org.apache.catalina.core.AprLifecycleListener.initializeSSL OpenSSL successfully initialized [OpenSSL 1.1.1c  28 May 2019]
01-Dec-2019 12:23:40.231 INFO [main] org.apache.coyote.AbstractProtocol.init Initializing ProtocolHandler ["http-nio-8081"]
01-Dec-2019 12:23:40.750 INFO [main] org.apache.coyote.AbstractProtocol.init Initializing ProtocolHandler ["ajp-nio-8009"]
01-Dec-2019 12:23:40.756 SEVERE [main] org.apache.catalina.util.LifecycleBase.handleSubClassException Failed to initialize component [Connector[AJP/1.3-8009]]
	org.apache.catalina.LifecycleException: Protocol handler initialization failed
		at org.apache.catalina.connector.Connector.initInternal(Connector.java:983)
		at org.apache.catalina.util.LifecycleBase.init(LifecycleBase.java:136)
		at org.apache.catalina.core.StandardService.initInternal(StandardService.java:533)
		at org.apache.catalina.util.LifecycleBase.init(LifecycleBase.java:136)
		at org.apache.catalina.core.StandardServer.initInternal(StandardServer.java:1057)
		at org.apache.catalina.util.LifecycleBase.init(LifecycleBase.java:136)
		at org.apache.catalina.startup.Catalina.load(Catalina.java:584)
		at org.apache.catalina.startup.Catalina.load(Catalina.java:607)
		at sun.reflect.NativeMethodAccessorImpl.invoke0(Native Method)
		at sun.reflect.NativeMethodAccessorImpl.invoke(NativeMethodAccessorImpl.java:62)
		at sun.reflect.DelegatingMethodAccessorImpl.invoke(DelegatingMethodAccessorImpl.java:43)
		at java.lang.reflect.Method.invoke(Method.java:498)
		at org.apache.catalina.startup.Bootstrap.load(Bootstrap.java:304)
		at org.apache.catalina.startup.Bootstrap.main(Bootstrap.java:474)
	Caused by: java.net.BindException: Address already in use: bind
		at sun.nio.ch.Net.bind0(Native Method)
		at sun.nio.ch.Net.bind(Net.java:433)
		at sun.nio.ch.Net.bind(Net.java:425)
		at sun.nio.ch.ServerSocketChannelImpl.bind(ServerSocketChannelImpl.java:223)
		at sun.nio.ch.ServerSocketAdaptor.bind(ServerSocketAdaptor.java:74)
		at org.apache.tomcat.util.net.NioEndpoint.initServerSocket(NioEndpoint.java:230)
		at org.apache.tomcat.util.net.NioEndpoint.bind(NioEndpoint.java:213)
		at org.apache.tomcat.util.net.AbstractEndpoint.bindWithCleanup(AbstractEndpoint.java:1124)
		at org.apache.tomcat.util.net.AbstractEndpoint.init(AbstractEndpoint.java:1137)
		at org.apache.coyote.AbstractProtocol.init(AbstractProtocol.java:575)
		at org.apache.catalina.connector.Connector.initInternal(Connector.java:980)
		... 13 more
01-Dec-2019 12:23:40.760 INFO [main] org.apache.catalina.startup.Catalina.load Server initialization in [1,807] milliseconds
01-Dec-2019 12:23:40.842 INFO [main] org.apache.catalina.core.StandardService.startInternal Starting service [Catalina]
01-Dec-2019 12:23:40.843 INFO [main] org.apache.catalina.core.StandardEngine.startInternal Starting Servlet engine: [Apache Tomcat/9.0.27]
01-Dec-2019 12:23:40.859 INFO [main] org.apache.catalina.startup.HostConfig.deployDirectory Deploying web application directory [D:\Resources\solr-8.2.0\apache-tomcat-9.0.27\webapps\docs]
01-Dec-2019 12:23:41.267 INFO [main] org.apache.catalina.startup.HostConfig.deployDirectory Deployment of web application directory [D:\Resources\solr-8.2.0\apache-tomcat-9.0.27\webapps\docs] has finished in [408] ms
01-Dec-2019 12:23:41.268 INFO [main] org.apache.catalina.startup.HostConfig.deployDirectory Deploying web application directory [D:\Resources\solr-8.2.0\apache-tomcat-9.0.27\webapps\examples]
01-Dec-2019 12:23:43.515 INFO [main] org.apache.catalina.startup.HostConfig.deployDirectory Deployment of web application directory [D:\Resources\solr-8.2.0\apache-tomcat-9.0.27\webapps\examples] has finished in [2,247] ms
01-Dec-2019 12:23:43.516 INFO [main] org.apache.catalina.startup.HostConfig.deployDirectory Deploying web application directory [D:\Resources\solr-8.2.0\apache-tomcat-9.0.27\webapps\host-manager]
01-Dec-2019 12:23:43.552 INFO [main] org.apache.catalina.startup.HostConfig.deployDirectory Deployment of web application directory [D:\Resources\solr-8.2.0\apache-tomcat-9.0.27\webapps\host-manager] has finished in [35] ms
01-Dec-2019 12:23:43.552 INFO [main] org.apache.catalina.startup.HostConfig.deployDirectory Deploying web application directory [D:\Resources\solr-8.2.0\apache-tomcat-9.0.27\webapps\manager]
01-Dec-2019 12:23:43.778 INFO [main] org.apache.catalina.startup.HostConfig.deployDirectory Deployment of web application directory [D:\Resources\solr-8.2.0\apache-tomcat-9.0.27\webapps\manager] has finished in [226] ms
01-Dec-2019 12:23:43.780 INFO [main] org.apache.catalina.startup.HostConfig.deployDirectory Deploying web application directory [D:\Resources\solr-8.2.0\apache-tomcat-9.0.27\webapps\ROOT]
01-Dec-2019 12:23:43.831 INFO [main] org.apache.catalina.startup.HostConfig.deployDirectory Deployment of web application directory [D:\Resources\solr-8.2.0\apache-tomcat-9.0.27\webapps\ROOT] has finished in [51] ms
01-Dec-2019 12:23:43.832 INFO [main] org.apache.catalina.startup.HostConfig.deployDirectory Deploying web application directory [D:\Resources\solr-8.2.0\apache-tomcat-9.0.27\webapps\solr]
01-Dec-2019 12:23:56.293 INFO [main] org.apache.jasper.servlet.TldScanner.scanJars At least one JAR was scanned for TLDs yet contained no TLDs. Enable debug logging for this logger for a complete list of JARs that were scanned but no TLDs were found in them. Skipping unneeded JARs during scanning can improve startup time and JSP compilation time.
01-Dec-2019 12:24:11.092 INFO [main] org.apache.catalina.startup.HostConfig.deployDirectory Deployment of web application directory [D:\Resources\solr-8.2.0\apache-tomcat-9.0.27\webapps\solr] has finished in [27,260] ms
01-Dec-2019 12:24:11.096 INFO [main] org.apache.coyote.AbstractProtocol.start Starting ProtocolHandler ["http-nio-8081"]
01-Dec-2019 12:24:11.342 INFO [main] org.apache.catalina.startup.Catalina.start Server startup in [30,582] milliseconds
01-Dec-2019 12:24:11.349 SEVERE [main] org.apache.catalina.core.StandardServer.await Failed to create server shutdown socket on address [localhost] and port [8005] (base port [8005] and offset [0])
	java.net.BindException: Address already in use: JVM_Bind
		at java.net.DualStackPlainSocketImpl.bind0(Native Method)
		at java.net.DualStackPlainSocketImpl.socketBind(DualStackPlainSocketImpl.java:106)
		at java.net.AbstractPlainSocketImpl.bind(AbstractPlainSocketImpl.java:387)
		at java.net.PlainSocketImpl.bind(PlainSocketImpl.java:190)
		at java.net.ServerSocket.bind(ServerSocket.java:375)
		at java.net.ServerSocket.<init>(ServerSocket.java:237)
		at org.apache.catalina.core.StandardServer.await(StandardServer.java:584)
		at org.apache.catalina.startup.Catalina.await(Catalina.java:721)
		at org.apache.catalina.startup.Catalina.start(Catalina.java:667)
		at sun.reflect.NativeMethodAccessorImpl.invoke0(Native Method)
		at sun.reflect.NativeMethodAccessorImpl.invoke(NativeMethodAccessorImpl.java:62)
		at sun.reflect.DelegatingMethodAccessorImpl.invoke(DelegatingMethodAccessorImpl.java:43)
		at java.lang.reflect.Method.invoke(Method.java:498)
		at org.apache.catalina.startup.Bootstrap.start(Bootstrap.java:344)
		at org.apache.catalina.startup.Bootstrap.main(Bootstrap.java:475)
01-Dec-2019 12:24:11.354 INFO [main] org.apache.coyote.AbstractProtocol.pause Pausing ProtocolHandler ["http-nio-8081"]
01-Dec-2019 12:24:11.761 INFO [main] org.apache.coyote.AbstractProtocol.pause Pausing ProtocolHandler ["ajp-nio-8009"]
01-Dec-2019 12:24:11.763 INFO [main] org.apache.catalina.core.StandardService.stopInternal Stopping service [Catalina]
01-Dec-2019 12:24:26.907 WARNING [main] org.apache.catalina.loader.WebappClassLoaderBase.clearReferencesThreads The web application [solr] appears to have started a thread named [Log4j2-TF-1-AsyncLoggerConfig-1] but has failed to stop it. This is very likely to create a memory leak. Stack trace of thread:
 sun.misc.Unsafe.park(Native Method)
 java.util.concurrent.locks.LockSupport.parkNanos(LockSupport.java:215)
 java.util.concurrent.locks.AbstractQueuedSynchronizer$ConditionObject.awaitNanos(AbstractQueuedSynchronizer.java:2078)
 com.lmax.disruptor.TimeoutBlockingWaitStrategy.waitFor(TimeoutBlockingWaitStrategy.java:38)
 com.lmax.disruptor.ProcessingSequenceBarrier.waitFor(ProcessingSequenceBarrier.java:56)
 com.lmax.disruptor.BatchEventProcessor.processEvents(BatchEventProcessor.java:159)
 com.lmax.disruptor.BatchEventProcessor.run(BatchEventProcessor.java:125)
 java.lang.Thread.run(Thread.java:748)
01-Dec-2019 12:24:26.919 INFO [main] org.apache.coyote.AbstractProtocol.stop Stopping ProtocolHandler ["http-nio-8081"]
01-Dec-2019 12:24:26.924 INFO [main] org.apache.coyote.AbstractProtocol.destroy Destroying ProtocolHandler ["http-nio-8081"]
01-Dec-2019 12:24:26.925 INFO [main] org.apache.coyote.AbstractProtocol.stop Stopping ProtocolHandler ["ajp-nio-8009"]
01-Dec-2019 12:24:26.926 INFO [main] org.apache.coyote.AbstractProtocol.destroy Destroying ProtocolHandler ["ajp-nio-8009"]
01-Dec-2019 12:27:51.727 INFO [main] org.apache.catalina.startup.VersionLoggerListener.log Server version name:   Apache Tomcat/9.0.27
01-Dec-2019 12:27:51.729 INFO [main] org.apache.catalina.startup.VersionLoggerListener.log Server built:          Oct 7 2019 09:57:22 UTC
01-Dec-2019 12:27:51.730 INFO [main] org.apache.catalina.startup.VersionLoggerListener.log Server version number: 9.0.27.0
01-Dec-2019 12:27:51.730 INFO [main] org.apache.catalina.startup.VersionLoggerListener.log OS Name:               Windows 10
01-Dec-2019 12:27:51.730 INFO [main] org.apache.catalina.startup.VersionLoggerListener.log OS Version:            10.0
01-Dec-2019 12:27:51.730 INFO [main] org.apache.catalina.startup.VersionLoggerListener.log Architecture:          amd64
01-Dec-2019 12:27:51.731 INFO [main] org.apache.catalina.startup.VersionLoggerListener.log Java Home:             C:\Program Files\Java\jdk1.8.0_191\jre
01-Dec-2019 12:27:51.731 INFO [main] org.apache.catalina.startup.VersionLoggerListener.log JVM Version:           1.8.0_191-b12
01-Dec-2019 12:27:51.731 INFO [main] org.apache.catalina.startup.VersionLoggerListener.log JVM Vendor:            Oracle Corporation
01-Dec-2019 12:27:51.731 INFO [main] org.apache.catalina.startup.VersionLoggerListener.log CATALINA_BASE:         D:\Resources\solr-8.2.0\apache-tomcat-9.0.27
01-Dec-2019 12:27:51.732 INFO [main] org.apache.catalina.startup.VersionLoggerListener.log CATALINA_HOME:         D:\Resources\solr-8.2.0\apache-tomcat-9.0.27
01-Dec-2019 12:27:51.732 INFO [main] org.apache.catalina.startup.VersionLoggerListener.log Command line argument: -Djava.util.logging.config.file=D:\Resources\solr-8.2.0\apache-tomcat-9.0.27\conf\logging.properties
01-Dec-2019 12:27:51.732 INFO [main] org.apache.catalina.startup.VersionLoggerListener.log Command line argument: -Djava.util.logging.manager=org.apache.juli.ClassLoaderLogManager
01-Dec-2019 12:27:51.733 INFO [main] org.apache.catalina.startup.VersionLoggerListener.log Command line argument: -Djdk.tls.ephemeralDHKeySize=2048
01-Dec-2019 12:27:51.733 INFO [main] org.apache.catalina.startup.VersionLoggerListener.log Command line argument: -Djava.protocol.handler.pkgs=org.apache.catalina.webresources
01-Dec-2019 12:27:51.733 INFO [main] org.apache.catalina.startup.VersionLoggerListener.log Command line argument: -Dignore.endorsed.dirs=
01-Dec-2019 12:27:51.734 INFO [main] org.apache.catalina.startup.VersionLoggerListener.log Command line argument: -Dcatalina.base=D:\Resources\solr-8.2.0\apache-tomcat-9.0.27
01-Dec-2019 12:27:51.754 INFO [main] org.apache.catalina.startup.VersionLoggerListener.log Command line argument: -Dcatalina.home=D:\Resources\solr-8.2.0\apache-tomcat-9.0.27
01-Dec-2019 12:27:51.763 INFO [main] org.apache.catalina.startup.VersionLoggerListener.log Command line argument: -Djava.io.tmpdir=D:\Resources\solr-8.2.0\apache-tomcat-9.0.27\temp
01-Dec-2019 12:27:51.764 INFO [main] org.apache.catalina.core.AprLifecycleListener.lifecycleEvent Loaded APR based Apache Tomcat Native library [1.2.23] using APR version [1.7.0].
01-Dec-2019 12:27:51.765 INFO [main] org.apache.catalina.core.AprLifecycleListener.lifecycleEvent APR capabilities: IPv6 [true], sendfile [true], accept filters [false], random [true].
01-Dec-2019 12:27:51.766 INFO [main] org.apache.catalina.core.AprLifecycleListener.lifecycleEvent APR/OpenSSL configuration: useAprConnector [false], useOpenSSL [true]
01-Dec-2019 12:27:51.774 INFO [main] org.apache.catalina.core.AprLifecycleListener.initializeSSL OpenSSL successfully initialized [OpenSSL 1.1.1c  28 May 2019]
01-Dec-2019 12:27:52.128 INFO [main] org.apache.coyote.AbstractProtocol.init Initializing ProtocolHandler ["http-nio-8081"]
01-Dec-2019 12:27:52.593 INFO [main] org.apache.coyote.AbstractProtocol.init Initializing ProtocolHandler ["ajp-nio-8009"]
01-Dec-2019 12:27:52.599 INFO [main] org.apache.catalina.startup.Catalina.load Server initialization in [1,059] milliseconds
01-Dec-2019 12:27:52.628 INFO [main] org.apache.catalina.core.StandardService.startInternal Starting service [Catalina]
01-Dec-2019 12:27:52.629 INFO [main] org.apache.catalina.core.StandardEngine.startInternal Starting Servlet engine: [Apache Tomcat/9.0.27]
01-Dec-2019 12:27:52.641 INFO [main] org.apache.catalina.startup.HostConfig.deployDirectory Deploying web application directory [D:\Resources\solr-8.2.0\apache-tomcat-9.0.27\webapps\docs]
01-Dec-2019 12:27:52.889 INFO [main] org.apache.catalina.startup.HostConfig.deployDirectory Deployment of web application directory [D:\Resources\solr-8.2.0\apache-tomcat-9.0.27\webapps\docs] has finished in [247] ms
01-Dec-2019 12:27:52.889 INFO [main] org.apache.catalina.startup.HostConfig.deployDirectory Deploying web application directory [D:\Resources\solr-8.2.0\apache-tomcat-9.0.27\webapps\examples]
01-Dec-2019 12:27:53.348 INFO [main] org.apache.catalina.startup.HostConfig.deployDirectory Deployment of web application directory [D:\Resources\solr-8.2.0\apache-tomcat-9.0.27\webapps\examples] has finished in [459] ms
01-Dec-2019 12:27:53.349 INFO [main] org.apache.catalina.startup.HostConfig.deployDirectory Deploying web application directory [D:\Resources\solr-8.2.0\apache-tomcat-9.0.27\webapps\host-manager]
01-Dec-2019 12:27:53.376 INFO [main] org.apache.catalina.startup.HostConfig.deployDirectory Deployment of web application directory [D:\Resources\solr-8.2.0\apache-tomcat-9.0.27\webapps\host-manager] has finished in [27] ms
01-Dec-2019 12:27:53.377 INFO [main] org.apache.catalina.startup.HostConfig.deployDirectory Deploying web application directory [D:\Resources\solr-8.2.0\apache-tomcat-9.0.27\webapps\manager]
01-Dec-2019 12:27:53.409 INFO [main] org.apache.catalina.startup.HostConfig.deployDirectory Deployment of web application directory [D:\Resources\solr-8.2.0\apache-tomcat-9.0.27\webapps\manager] has finished in [31] ms
01-Dec-2019 12:27:53.409 INFO [main] org.apache.catalina.startup.HostConfig.deployDirectory Deploying web application directory [D:\Resources\solr-8.2.0\apache-tomcat-9.0.27\webapps\ROOT]
01-Dec-2019 12:27:53.437 INFO [main] org.apache.catalina.startup.HostConfig.deployDirectory Deployment of web application directory [D:\Resources\solr-8.2.0\apache-tomcat-9.0.27\webapps\ROOT] has finished in [28] ms
01-Dec-2019 12:27:53.437 INFO [main] org.apache.catalina.startup.HostConfig.deployDirectory Deploying web application directory [D:\Resources\solr-8.2.0\apache-tomcat-9.0.27\webapps\solr]
01-Dec-2019 12:27:58.044 INFO [main] org.apache.jasper.servlet.TldScanner.scanJars At least one JAR was scanned for TLDs yet contained no TLDs. Enable debug logging for this logger for a complete list of JARs that were scanned but no TLDs were found in them. Skipping unneeded JARs during scanning can improve startup time and JSP compilation time.
01-Dec-2019 12:28:10.623 INFO [main] org.apache.catalina.startup.HostConfig.deployDirectory Deployment of web application directory [D:\Resources\solr-8.2.0\apache-tomcat-9.0.27\webapps\solr] has finished in [17,186] ms
01-Dec-2019 12:28:10.628 INFO [main] org.apache.coyote.AbstractProtocol.start Starting ProtocolHandler ["http-nio-8081"]
01-Dec-2019 12:28:10.637 INFO [main] org.apache.coyote.AbstractProtocol.start Starting ProtocolHandler ["ajp-nio-8009"]
01-Dec-2019 12:28:10.641 INFO [main] org.apache.catalina.startup.Catalina.start Server startup in [18,042] milliseconds
01-Dec-2019 12:29:49.907 WARNING [main] org.apache.catalina.core.StandardServer.await Invalid shutdown command [] received
01-Dec-2019 12:34:15.943 WARNING [main] org.apache.catalina.core.StandardServer.await Invalid shutdown command [] received
01-Dec-2019 12:37:27.919 WARNING [main] org.apache.catalina.core.StandardServer.await Invalid shutdown command [] received
01-Dec-2019 12:39:42.290 WARNING [main] org.apache.catalina.core.StandardServer.await Invalid shutdown command [] received
01-Dec-2019 12:59:18.103 WARNING [main] org.apache.catalina.core.StandardServer.await Invalid shutdown command [] received
01-Dec-2019 13:06:36.341 INFO [main] org.apache.catalina.core.StandardServer.await A valid shutdown command was received via the shutdown port. Stopping the Server instance.
01-Dec-2019 13:06:36.342 INFO [main] org.apache.coyote.AbstractProtocol.pause Pausing ProtocolHandler ["http-nio-8081"]
01-Dec-2019 13:06:36.709 INFO [main] org.apache.coyote.AbstractProtocol.pause Pausing ProtocolHandler ["ajp-nio-8009"]
01-Dec-2019 13:06:37.067 INFO [main] org.apache.catalina.core.StandardService.stopInternal Stopping service [Catalina]
01-Dec-2019 13:06:37.481 WARNING [main] org.apache.catalina.loader.WebappClassLoaderBase.clearReferencesThreads The web application [solr] appears to have started a thread named [Log4j2-TF-1-AsyncLoggerConfig-1] but has failed to stop it. This is very likely to create a memory leak. Stack trace of thread:
 sun.misc.Unsafe.park(Native Method)
 java.util.concurrent.locks.LockSupport.parkNanos(LockSupport.java:215)
 java.util.concurrent.locks.AbstractQueuedSynchronizer$ConditionObject.awaitNanos(AbstractQueuedSynchronizer.java:2078)
 com.lmax.disruptor.TimeoutBlockingWaitStrategy.waitFor(TimeoutBlockingWaitStrategy.java:38)
 com.lmax.disruptor.ProcessingSequenceBarrier.waitFor(ProcessingSequenceBarrier.java:56)
 com.lmax.disruptor.BatchEventProcessor.processEvents(BatchEventProcessor.java:159)
 com.lmax.disruptor.BatchEventProcessor.run(BatchEventProcessor.java:125)
 java.lang.Thread.run(Thread.java:748)
01-Dec-2019 13:06:37.530 INFO [main] org.apache.coyote.AbstractProtocol.stop Stopping ProtocolHandler ["http-nio-8081"]
01-Dec-2019 13:06:37.532 INFO [main] org.apache.coyote.AbstractProtocol.stop Stopping ProtocolHandler ["ajp-nio-8009"]
01-Dec-2019 13:06:37.536 INFO [main] org.apache.coyote.AbstractProtocol.destroy Destroying ProtocolHandler ["http-nio-8081"]
01-Dec-2019 13:06:37.537 INFO [main] org.apache.coyote.AbstractProtocol.destroy Destroying ProtocolHandler ["ajp-nio-8009"]
01-Dec-2019 19:01:56.036 INFO [main] org.apache.catalina.startup.VersionLoggerListener.log Server version name:   Apache Tomcat/9.0.27
01-Dec-2019 19:01:56.052 INFO [main] org.apache.catalina.startup.VersionLoggerListener.log Server built:          Oct 7 2019 09:57:22 UTC
01-Dec-2019 19:01:56.053 INFO [main] org.apache.catalina.startup.VersionLoggerListener.log Server version number: 9.0.27.0
01-Dec-2019 19:01:56.054 INFO [main] org.apache.catalina.startup.VersionLoggerListener.log OS Name:               Windows 10
01-Dec-2019 19:01:56.055 INFO [main] org.apache.catalina.startup.VersionLoggerListener.log OS Version:            10.0
01-Dec-2019 19:01:56.055 INFO [main] org.apache.catalina.startup.VersionLoggerListener.log Architecture:          amd64
01-Dec-2019 19:01:56.056 INFO [main] org.apache.catalina.startup.VersionLoggerListener.log Java Home:             C:\Program Files\Java\jdk1.8.0_191\jre
01-Dec-2019 19:01:56.056 INFO [main] org.apache.catalina.startup.VersionLoggerListener.log JVM Version:           1.8.0_191-b12
01-Dec-2019 19:01:56.057 INFO [main] org.apache.catalina.startup.VersionLoggerListener.log JVM Vendor:            Oracle Corporation
01-Dec-2019 19:01:56.057 INFO [main] org.apache.catalina.startup.VersionLoggerListener.log CATALINA_BASE:         D:\Resources\solr-8.2.0\apache-tomcat-9.0.27
01-Dec-2019 19:01:56.058 INFO [main] org.apache.catalina.startup.VersionLoggerListener.log CATALINA_HOME:         D:\Resources\solr-8.2.0\apache-tomcat-9.0.27
01-Dec-2019 19:01:56.081 INFO [main] org.apache.catalina.startup.VersionLoggerListener.log Command line argument: -Djava.util.logging.config.file=D:\Resources\solr-8.2.0\apache-tomcat-9.0.27\conf\logging.properties
01-Dec-2019 19:01:56.082 INFO [main] org.apache.catalina.startup.VersionLoggerListener.log Command line argument: -Djava.util.logging.manager=org.apache.juli.ClassLoaderLogManager
01-Dec-2019 19:01:56.085 INFO [main] org.apache.catalina.startup.VersionLoggerListener.log Command line argument: -Djdk.tls.ephemeralDHKeySize=2048
01-Dec-2019 19:01:56.086 INFO [main] org.apache.catalina.startup.VersionLoggerListener.log Command line argument: -Djava.protocol.handler.pkgs=org.apache.catalina.webresources
01-Dec-2019 19:01:56.087 INFO [main] org.apache.catalina.startup.VersionLoggerListener.log Command line argument: -Dignore.endorsed.dirs=
01-Dec-2019 19:01:56.089 INFO [main] org.apache.catalina.startup.VersionLoggerListener.log Command line argument: -Dcatalina.base=D:\Resources\solr-8.2.0\apache-tomcat-9.0.27
01-Dec-2019 19:01:56.091 INFO [main] org.apache.catalina.startup.VersionLoggerListener.log Command line argument: -Dcatalina.home=D:\Resources\solr-8.2.0\apache-tomcat-9.0.27
01-Dec-2019 19:01:56.093 INFO [main] org.apache.catalina.startup.VersionLoggerListener.log Command line argument: -Djava.io.tmpdir=D:\Resources\solr-8.2.0\apache-tomcat-9.0.27\temp
01-Dec-2019 19:01:56.104 INFO [main] org.apache.catalina.core.AprLifecycleListener.lifecycleEvent Loaded APR based Apache Tomcat Native library [1.2.23] using APR version [1.7.0].
01-Dec-2019 19:01:56.106 INFO [main] org.apache.catalina.core.AprLifecycleListener.lifecycleEvent APR capabilities: IPv6 [true], sendfile [true], accept filters [false], random [true].
01-Dec-2019 19:01:56.112 INFO [main] org.apache.catalina.core.AprLifecycleListener.lifecycleEvent APR/OpenSSL configuration: useAprConnector [false], useOpenSSL [true]
01-Dec-2019 19:01:56.278 INFO [main] org.apache.catalina.core.AprLifecycleListener.initializeSSL OpenSSL successfully initialized [OpenSSL 1.1.1c  28 May 2019]
01-Dec-2019 19:01:57.291 INFO [main] org.apache.coyote.AbstractProtocol.init Initializing ProtocolHandler ["http-nio-8081"]
01-Dec-2019 19:01:57.796 INFO [main] org.apache.coyote.AbstractProtocol.init Initializing ProtocolHandler ["ajp-nio-8009"]
01-Dec-2019 19:01:57.800 INFO [main] org.apache.catalina.startup.Catalina.load Server initialization in [2,675] milliseconds
01-Dec-2019 19:01:57.875 INFO [main] org.apache.catalina.core.StandardService.startInternal Starting service [Catalina]
01-Dec-2019 19:01:57.875 INFO [main] org.apache.catalina.core.StandardEngine.startInternal Starting Servlet engine: [Apache Tomcat/9.0.27]
01-Dec-2019 19:01:57.888 INFO [main] org.apache.catalina.startup.HostConfig.deployDirectory Deploying web application directory [D:\Resources\solr-8.2.0\apache-tomcat-9.0.27\webapps\docs]
01-Dec-2019 19:01:58.299 INFO [main] org.apache.catalina.startup.HostConfig.deployDirectory Deployment of web application directory [D:\Resources\solr-8.2.0\apache-tomcat-9.0.27\webapps\docs] has finished in [411] ms
01-Dec-2019 19:01:58.300 INFO [main] org.apache.catalina.startup.HostConfig.deployDirectory Deploying web application directory [D:\Resources\solr-8.2.0\apache-tomcat-9.0.27\webapps\examples]
01-Dec-2019 19:01:58.984 INFO [main] org.apache.catalina.startup.HostConfig.deployDirectory Deployment of web application directory [D:\Resources\solr-8.2.0\apache-tomcat-9.0.27\webapps\examples] has finished in [684] ms
01-Dec-2019 19:01:58.985 INFO [main] org.apache.catalina.startup.HostConfig.deployDirectory Deploying web application directory [D:\Resources\solr-8.2.0\apache-tomcat-9.0.27\webapps\host-manager]
01-Dec-2019 19:01:59.030 INFO [main] org.apache.catalina.startup.HostConfig.deployDirectory Deployment of web application directory [D:\Resources\solr-8.2.0\apache-tomcat-9.0.27\webapps\host-manager] has finished in [44] ms
01-Dec-2019 19:01:59.030 INFO [main] org.apache.catalina.startup.HostConfig.deployDirectory Deploying web application directory [D:\Resources\solr-8.2.0\apache-tomcat-9.0.27\webapps\manager]
01-Dec-2019 19:01:59.092 INFO [main] org.apache.catalina.startup.HostConfig.deployDirectory Deployment of web application directory [D:\Resources\solr-8.2.0\apache-tomcat-9.0.27\webapps\manager] has finished in [62] ms
01-Dec-2019 19:01:59.093 INFO [main] org.apache.catalina.startup.HostConfig.deployDirectory Deploying web application directory [D:\Resources\solr-8.2.0\apache-tomcat-9.0.27\webapps\ROOT]
01-Dec-2019 19:01:59.117 INFO [main] org.apache.catalina.startup.HostConfig.deployDirectory Deployment of web application directory [D:\Resources\solr-8.2.0\apache-tomcat-9.0.27\webapps\ROOT] has finished in [24] ms
01-Dec-2019 19:01:59.118 INFO [main] org.apache.catalina.startup.HostConfig.deployDirectory Deploying web application directory [D:\Resources\solr-8.2.0\apache-tomcat-9.0.27\webapps\solr]
01-Dec-2019 19:02:08.753 INFO [main] org.apache.jasper.servlet.TldScanner.scanJars At least one JAR was scanned for TLDs yet contained no TLDs. Enable debug logging for this logger for a complete list of JARs that were scanned but no TLDs were found in them. Skipping unneeded JARs during scanning can improve startup time and JSP compilation time.
01-Dec-2019 19:02:23.184 INFO [main] org.apache.catalina.startup.HostConfig.deployDirectory Deployment of web application directory [D:\Resources\solr-8.2.0\apache-tomcat-9.0.27\webapps\solr] has finished in [24,065] ms
01-Dec-2019 19:02:23.190 INFO [main] org.apache.coyote.AbstractProtocol.start Starting ProtocolHandler ["http-nio-8081"]
01-Dec-2019 19:02:23.218 INFO [main] org.apache.coyote.AbstractProtocol.start Starting ProtocolHandler ["ajp-nio-8009"]
01-Dec-2019 19:02:23.221 INFO [main] org.apache.catalina.startup.Catalina.start Server startup in [25,420] milliseconds
01-Dec-2019 19:02:52.214 WARNING [main] org.apache.catalina.core.StandardServer.await Invalid shutdown command [] received
01-Dec-2019 19:17:27.847 WARNING [main] org.apache.catalina.core.StandardServer.await Invalid shutdown command [] received
01-Dec-2019 19:19:45.464 WARNING [main] org.apache.catalina.core.StandardServer.await Invalid shutdown command [] received
01-Dec-2019 19:26:06.411 WARNING [main] org.apache.catalina.core.StandardServer.await Invalid shutdown command [] received
01-Dec-2019 19:31:09.204 WARNING [main] org.apache.catalina.core.StandardServer.await Invalid shutdown command [] received
01-Dec-2019 19:38:53.760 WARNING [main] org.apache.catalina.core.StandardServer.await Invalid shutdown command [] received
01-Dec-2019 20:05:27.196 WARNING [main] org.apache.catalina.core.StandardServer.await Invalid shutdown command [] received
01-Dec-2019 20:07:04.530 WARNING [main] org.apache.catalina.core.StandardServer.await Invalid shutdown command [] received
01-Dec-2019 20:12:08.190 WARNING [main] org.apache.catalina.core.StandardServer.await Invalid shutdown command [] received
01-Dec-2019 20:17:18.220 WARNING [main] org.apache.catalina.core.StandardServer.await Invalid shutdown command [] received
01-Dec-2019 20:28:44.815 INFO [main] org.apache.catalina.core.StandardServer.await A valid shutdown command was received via the shutdown port. Stopping the Server instance.
01-Dec-2019 20:28:44.846 INFO [main] org.apache.coyote.AbstractProtocol.pause Pausing ProtocolHandler ["http-nio-8081"]
01-Dec-2019 20:28:45.291 INFO [main] org.apache.coyote.AbstractProtocol.pause Pausing ProtocolHandler ["ajp-nio-8009"]
01-Dec-2019 20:28:45.686 INFO [main] org.apache.catalina.core.StandardService.stopInternal Stopping service [Catalina]
01-Dec-2019 20:28:47.539 WARNING [main] org.apache.catalina.loader.WebappClassLoaderBase.clearReferencesThreads The web application [solr] appears to have started a thread named [Log4j2-TF-1-AsyncLoggerConfig-1] but has failed to stop it. This is very likely to create a memory leak. Stack trace of thread:
 sun.misc.Unsafe.park(Native Method)
 java.util.concurrent.locks.LockSupport.parkNanos(LockSupport.java:215)
 java.util.concurrent.locks.AbstractQueuedSynchronizer$ConditionObject.awaitNanos(AbstractQueuedSynchronizer.java:2078)
 com.lmax.disruptor.TimeoutBlockingWaitStrategy.waitFor(TimeoutBlockingWaitStrategy.java:38)
 com.lmax.disruptor.ProcessingSequenceBarrier.waitFor(ProcessingSequenceBarrier.java:56)
 com.lmax.disruptor.BatchEventProcessor.processEvents(BatchEventProcessor.java:159)
 com.lmax.disruptor.BatchEventProcessor.run(BatchEventProcessor.java:125)
 java.lang.Thread.run(Thread.java:748)
01-Dec-2019 20:28:47.560 INFO [main] org.apache.coyote.AbstractProtocol.stop Stopping ProtocolHandler ["http-nio-8081"]
01-Dec-2019 20:28:47.563 INFO [main] org.apache.coyote.AbstractProtocol.stop Stopping ProtocolHandler ["ajp-nio-8009"]
01-Dec-2019 20:28:47.582 INFO [main] org.apache.coyote.AbstractProtocol.destroy Destroying ProtocolHandler ["http-nio-8081"]
01-Dec-2019 20:28:47.584 INFO [main] org.apache.coyote.AbstractProtocol.destroy Destroying ProtocolHandler ["ajp-nio-8009"]
01-Dec-2019 21:02:08.972 INFO [main] org.apache.catalina.startup.VersionLoggerListener.log Server version name:   Apache Tomcat/9.0.27
01-Dec-2019 21:02:08.978 INFO [main] org.apache.catalina.startup.VersionLoggerListener.log Server built:          Oct 7 2019 09:57:22 UTC
01-Dec-2019 21:02:08.980 INFO [main] org.apache.catalina.startup.VersionLoggerListener.log Server version number: 9.0.27.0
01-Dec-2019 21:02:08.980 INFO [main] org.apache.catalina.startup.VersionLoggerListener.log OS Name:               Windows 10
01-Dec-2019 21:02:08.981 INFO [main] org.apache.catalina.startup.VersionLoggerListener.log OS Version:            10.0
01-Dec-2019 21:02:08.982 INFO [main] org.apache.catalina.startup.VersionLoggerListener.log Architecture:          amd64
01-Dec-2019 21:02:08.982 INFO [main] org.apache.catalina.startup.VersionLoggerListener.log Java Home:             C:\Program Files\Java\jdk1.8.0_191\jre
01-Dec-2019 21:02:08.983 INFO [main] org.apache.catalina.startup.VersionLoggerListener.log JVM Version:           1.8.0_191-b12
01-Dec-2019 21:02:08.983 INFO [main] org.apache.catalina.startup.VersionLoggerListener.log JVM Vendor:            Oracle Corporation
01-Dec-2019 21:02:08.984 INFO [main] org.apache.catalina.startup.VersionLoggerListener.log CATALINA_BASE:         D:\Resources\solr-8.2.0\apache-tomcat-9.0.27
01-Dec-2019 21:02:08.985 INFO [main] org.apache.catalina.startup.VersionLoggerListener.log CATALINA_HOME:         D:\Resources\solr-8.2.0\apache-tomcat-9.0.27
01-Dec-2019 21:02:08.986 INFO [main] org.apache.catalina.startup.VersionLoggerListener.log Command line argument: -Djava.util.logging.config.file=D:\Resources\solr-8.2.0\apache-tomcat-9.0.27\conf\logging.properties
01-Dec-2019 21:02:08.987 INFO [main] org.apache.catalina.startup.VersionLoggerListener.log Command line argument: -Djava.util.logging.manager=org.apache.juli.ClassLoaderLogManager
01-Dec-2019 21:02:08.988 INFO [main] org.apache.catalina.startup.VersionLoggerListener.log Command line argument: -Djdk.tls.ephemeralDHKeySize=2048
01-Dec-2019 21:02:08.994 INFO [main] org.apache.catalina.startup.VersionLoggerListener.log Command line argument: -Djava.protocol.handler.pkgs=org.apache.catalina.webresources
01-Dec-2019 21:02:08.994 INFO [main] org.apache.catalina.startup.VersionLoggerListener.log Command line argument: -Dignore.endorsed.dirs=
01-Dec-2019 21:02:08.996 INFO [main] org.apache.catalina.startup.VersionLoggerListener.log Command line argument: -Dcatalina.base=D:\Resources\solr-8.2.0\apache-tomcat-9.0.27
01-Dec-2019 21:02:09.004 INFO [main] org.apache.catalina.startup.VersionLoggerListener.log Command line argument: -Dcatalina.home=D:\Resources\solr-8.2.0\apache-tomcat-9.0.27
01-Dec-2019 21:02:09.006 INFO [main] org.apache.catalina.startup.VersionLoggerListener.log Command line argument: -Djava.io.tmpdir=D:\Resources\solr-8.2.0\apache-tomcat-9.0.27\temp
01-Dec-2019 21:02:09.008 INFO [main] org.apache.catalina.core.AprLifecycleListener.lifecycleEvent Loaded APR based Apache Tomcat Native library [1.2.23] using APR version [1.7.0].
01-Dec-2019 21:02:09.012 INFO [main] org.apache.catalina.core.AprLifecycleListener.lifecycleEvent APR capabilities: IPv6 [true], sendfile [true], accept filters [false], random [true].
01-Dec-2019 21:02:09.014 INFO [main] org.apache.catalina.core.AprLifecycleListener.lifecycleEvent APR/OpenSSL configuration: useAprConnector [false], useOpenSSL [true]
01-Dec-2019 21:02:09.545 INFO [main] org.apache.catalina.core.AprLifecycleListener.initializeSSL OpenSSL successfully initialized [OpenSSL 1.1.1c  28 May 2019]
01-Dec-2019 21:02:10.001 INFO [main] org.apache.coyote.AbstractProtocol.init Initializing ProtocolHandler ["http-nio-8081"]
01-Dec-2019 21:02:10.503 INFO [main] org.apache.coyote.AbstractProtocol.init Initializing ProtocolHandler ["ajp-nio-8009"]
01-Dec-2019 21:02:10.507 INFO [main] org.apache.catalina.startup.Catalina.load Server initialization in [2,623] milliseconds
01-Dec-2019 21:02:10.602 INFO [main] org.apache.catalina.core.StandardService.startInternal Starting service [Catalina]
01-Dec-2019 21:02:10.602 INFO [main] org.apache.catalina.core.StandardEngine.startInternal Starting Servlet engine: [Apache Tomcat/9.0.27]
01-Dec-2019 21:02:10.613 INFO [main] org.apache.catalina.startup.HostConfig.deployDirectory Deploying web application directory [D:\Resources\solr-8.2.0\apache-tomcat-9.0.27\webapps\docs]
01-Dec-2019 21:02:11.289 INFO [main] org.apache.catalina.startup.HostConfig.deployDirectory Deployment of web application directory [D:\Resources\solr-8.2.0\apache-tomcat-9.0.27\webapps\docs] has finished in [676] ms
01-Dec-2019 21:02:11.290 INFO [main] org.apache.catalina.startup.HostConfig.deployDirectory Deploying web application directory [D:\Resources\solr-8.2.0\apache-tomcat-9.0.27\webapps\examples]
01-Dec-2019 21:02:14.981 INFO [main] org.apache.catalina.startup.HostConfig.deployDirectory Deployment of web application directory [D:\Resources\solr-8.2.0\apache-tomcat-9.0.27\webapps\examples] has finished in [3,692] ms
01-Dec-2019 21:02:14.982 INFO [main] org.apache.catalina.startup.HostConfig.deployDirectory Deploying web application directory [D:\Resources\solr-8.2.0\apache-tomcat-9.0.27\webapps\host-manager]
01-Dec-2019 21:02:15.301 INFO [main] org.apache.catalina.startup.HostConfig.deployDirectory Deployment of web application directory [D:\Resources\solr-8.2.0\apache-tomcat-9.0.27\webapps\host-manager] has finished in [318] ms
01-Dec-2019 21:02:15.301 INFO [main] org.apache.catalina.startup.HostConfig.deployDirectory Deploying web application directory [D:\Resources\solr-8.2.0\apache-tomcat-9.0.27\webapps\manager]
01-Dec-2019 21:02:15.381 INFO [main] org.apache.catalina.startup.HostConfig.deployDirectory Deployment of web application directory [D:\Resources\solr-8.2.0\apache-tomcat-9.0.27\webapps\manager] has finished in [80] ms
01-Dec-2019 21:02:15.383 INFO [main] org.apache.catalina.startup.HostConfig.deployDirectory Deploying web application directory [D:\Resources\solr-8.2.0\apache-tomcat-9.0.27\webapps\ROOT]
01-Dec-2019 21:02:15.672 INFO [main] org.apache.catalina.startup.HostConfig.deployDirectory Deployment of web application directory [D:\Resources\solr-8.2.0\apache-tomcat-9.0.27\webapps\ROOT] has finished in [288] ms
01-Dec-2019 21:02:15.672 INFO [main] org.apache.catalina.startup.HostConfig.deployDirectory Deploying web application directory [D:\Resources\solr-8.2.0\apache-tomcat-9.0.27\webapps\solr]
01-Dec-2019 21:02:32.793 INFO [main] org.apache.jasper.servlet.TldScanner.scanJars At least one JAR was scanned for TLDs yet contained no TLDs. Enable debug logging for this logger for a complete list of JARs that were scanned but no TLDs were found in them. Skipping unneeded JARs during scanning can improve startup time and JSP compilation time.
01-Dec-2019 21:02:47.640 INFO [main] org.apache.catalina.startup.HostConfig.deployDirectory Deployment of web application directory [D:\Resources\solr-8.2.0\apache-tomcat-9.0.27\webapps\solr] has finished in [31,968] ms
01-Dec-2019 21:02:47.643 INFO [main] org.apache.coyote.AbstractProtocol.start Starting ProtocolHandler ["http-nio-8081"]
01-Dec-2019 21:02:47.718 INFO [main] org.apache.coyote.AbstractProtocol.start Starting ProtocolHandler ["ajp-nio-8009"]
01-Dec-2019 21:02:47.724 INFO [main] org.apache.catalina.startup.Catalina.start Server startup in [37,215] milliseconds
01-Dec-2019 21:03:02.917 WARNING [main] org.apache.catalina.core.StandardServer.await Invalid shutdown command [] received
