31-Oct-2019 17:29:04.354 INFO [main] org.apache.catalina.startup.VersionLoggerListener.log Server version name:   Apache Tomcat/9.0.27
31-Oct-2019 17:29:04.371 INFO [main] org.apache.catalina.startup.VersionLoggerListener.log Server built:          Oct 7 2019 09:57:22 UTC
31-Oct-2019 17:29:04.371 INFO [main] org.apache.catalina.startup.VersionLoggerListener.log Server version number: 9.0.27.0
31-Oct-2019 17:29:04.372 INFO [main] org.apache.catalina.startup.VersionLoggerListener.log OS Name:               Windows 10
31-Oct-2019 17:29:04.372 INFO [main] org.apache.catalina.startup.VersionLoggerListener.log OS Version:            10.0
31-Oct-2019 17:29:04.372 INFO [main] org.apache.catalina.startup.VersionLoggerListener.log Architecture:          amd64
31-Oct-2019 17:29:04.373 INFO [main] org.apache.catalina.startup.VersionLoggerListener.log Java Home:             C:\Program Files\Java\jdk1.8.0_191\jre
31-Oct-2019 17:29:04.373 INFO [main] org.apache.catalina.startup.VersionLoggerListener.log JVM Version:           1.8.0_191-b12
31-Oct-2019 17:29:04.373 INFO [main] org.apache.catalina.startup.VersionLoggerListener.log JVM Vendor:            Oracle Corporation
31-Oct-2019 17:29:04.373 INFO [main] org.apache.catalina.startup.VersionLoggerListener.log CATALINA_BASE:         D:\Resources\apache-tomcat-9.0.27-windows-x64\apache-tomcat-9.0.27
31-Oct-2019 17:29:04.373 INFO [main] org.apache.catalina.startup.VersionLoggerListener.log CATALINA_HOME:         D:\Resources\apache-tomcat-9.0.27-windows-x64\apache-tomcat-9.0.27
31-Oct-2019 17:29:04.376 INFO [main] org.apache.catalina.startup.VersionLoggerListener.log Command line argument: -Djava.util.logging.config.file=D:/Resources/apache-tomcat-9.0.27-windows-x64/apache-tomcat-9.0.27/conf/logging.properties
31-Oct-2019 17:29:04.376 INFO [main] org.apache.catalina.startup.VersionLoggerListener.log Command line argument: -Djava.util.logging.manager=org.apache.juli.ClassLoaderLogManager
31-Oct-2019 17:29:04.376 INFO [main] org.apache.catalina.startup.VersionLoggerListener.log Command line argument: -Djdk.tls.ephemeralDHKeySize=2048
31-Oct-2019 17:29:04.376 INFO [main] org.apache.catalina.startup.VersionLoggerListener.log Command line argument: -Djava.protocol.handler.pkgs=org.apache.catalina.webresources
31-Oct-2019 17:29:04.376 INFO [main] org.apache.catalina.startup.VersionLoggerListener.log Command line argument: -Dorg.apache.catalina.security.SecurityListener.UMASK=0027
31-Oct-2019 17:29:04.376 INFO [main] org.apache.catalina.startup.VersionLoggerListener.log Command line argument: -Dignore.endorsed.dirs=
31-Oct-2019 17:29:04.377 INFO [main] org.apache.catalina.startup.VersionLoggerListener.log Command line argument: -Dcatalina.base=D:/Resources/apache-tomcat-9.0.27-windows-x64/apache-tomcat-9.0.27
31-Oct-2019 17:29:04.377 INFO [main] org.apache.catalina.startup.VersionLoggerListener.log Command line argument: -Dcatalina.home=D:/Resources/apache-tomcat-9.0.27-windows-x64/apache-tomcat-9.0.27
31-Oct-2019 17:29:04.377 INFO [main] org.apache.catalina.startup.VersionLoggerListener.log Command line argument: -Djava.io.tmpdir=D:/Resources/apache-tomcat-9.0.27-windows-x64/apache-tomcat-9.0.27/temp
31-Oct-2019 17:29:04.377 INFO [main] org.apache.catalina.core.AprLifecycleListener.lifecycleEvent Loaded APR based Apache Tomcat Native library [1.2.23] using APR version [1.7.0].
31-Oct-2019 17:29:04.377 INFO [main] org.apache.catalina.core.AprLifecycleListener.lifecycleEvent APR capabilities: IPv6 [true], sendfile [true], accept filters [false], random [true].
31-Oct-2019 17:29:04.377 INFO [main] org.apache.catalina.core.AprLifecycleListener.lifecycleEvent APR/OpenSSL configuration: useAprConnector [false], useOpenSSL [true]
31-Oct-2019 17:29:04.386 INFO [main] org.apache.catalina.core.AprLifecycleListener.initializeSSL OpenSSL successfully initialized [OpenSSL 1.1.1c  28 May 2019]
31-Oct-2019 17:29:04.912 INFO [main] org.apache.coyote.AbstractProtocol.init Initializing ProtocolHandler ["http-nio-8080"]
31-Oct-2019 17:29:05.410 INFO [main] org.apache.coyote.AbstractProtocol.init Initializing ProtocolHandler ["ajp-nio-8009"]
31-Oct-2019 17:29:05.416 INFO [main] org.apache.catalina.startup.Catalina.load Server initialization in [1,343] milliseconds
31-Oct-2019 17:29:05.503 INFO [main] org.apache.catalina.core.StandardService.startInternal Starting service [Catalina]
31-Oct-2019 17:29:05.503 INFO [main] org.apache.catalina.core.StandardEngine.startInternal Starting Servlet engine: [Apache Tomcat/9.0.27]
31-Oct-2019 17:29:05.521 INFO [main] org.apache.catalina.startup.HostConfig.deployDirectory Deploying web application directory [D:\Resources\apache-tomcat-9.0.27-windows-x64\apache-tomcat-9.0.27\webapps\docs]
31-Oct-2019 17:29:05.833 INFO [main] org.apache.catalina.startup.HostConfig.deployDirectory Deployment of web application directory [D:\Resources\apache-tomcat-9.0.27-windows-x64\apache-tomcat-9.0.27\webapps\docs] has finished in [312] ms
31-Oct-2019 17:29:05.833 INFO [main] org.apache.catalina.startup.HostConfig.deployDirectory Deploying web application directory [D:\Resources\apache-tomcat-9.0.27-windows-x64\apache-tomcat-9.0.27\webapps\examples]
31-Oct-2019 17:29:06.292 INFO [main] org.apache.catalina.startup.HostConfig.deployDirectory Deployment of web application directory [D:\Resources\apache-tomcat-9.0.27-windows-x64\apache-tomcat-9.0.27\webapps\examples] has finished in [459] ms
31-Oct-2019 17:29:06.293 INFO [main] org.apache.catalina.startup.HostConfig.deployDirectory Deploying web application directory [D:\Resources\apache-tomcat-9.0.27-windows-x64\apache-tomcat-9.0.27\webapps\host-manager]
31-Oct-2019 17:29:06.324 INFO [main] org.apache.catalina.startup.HostConfig.deployDirectory Deployment of web application directory [D:\Resources\apache-tomcat-9.0.27-windows-x64\apache-tomcat-9.0.27\webapps\host-manager] has finished in [30] ms
31-Oct-2019 17:29:06.324 INFO [main] org.apache.catalina.startup.HostConfig.deployDirectory Deploying web application directory [D:\Resources\apache-tomcat-9.0.27-windows-x64\apache-tomcat-9.0.27\webapps\manager]
31-Oct-2019 17:29:06.348 INFO [main] org.apache.catalina.startup.HostConfig.deployDirectory Deployment of web application directory [D:\Resources\apache-tomcat-9.0.27-windows-x64\apache-tomcat-9.0.27\webapps\manager] has finished in [24] ms
31-Oct-2019 17:29:06.349 INFO [main] org.apache.catalina.startup.HostConfig.deployDirectory Deploying web application directory [D:\Resources\apache-tomcat-9.0.27-windows-x64\apache-tomcat-9.0.27\webapps\ROOT]
31-Oct-2019 17:29:06.370 INFO [main] org.apache.catalina.startup.HostConfig.deployDirectory Deployment of web application directory [D:\Resources\apache-tomcat-9.0.27-windows-x64\apache-tomcat-9.0.27\webapps\ROOT] has finished in [21] ms
31-Oct-2019 17:29:06.374 INFO [main] org.apache.coyote.AbstractProtocol.start Starting ProtocolHandler ["http-nio-8080"]
31-Oct-2019 17:29:06.381 INFO [main] org.apache.coyote.AbstractProtocol.start Starting ProtocolHandler ["ajp-nio-8009"]
31-Oct-2019 17:29:06.391 INFO [main] org.apache.catalina.startup.Catalina.start Server startup in [974] milliseconds
31-Oct-2019 17:30:02.557 INFO [main] org.apache.catalina.core.StandardServer.await A valid shutdown command was received via the shutdown port. Stopping the Server instance.
31-Oct-2019 17:30:02.558 INFO [main] org.apache.coyote.AbstractProtocol.pause Pausing ProtocolHandler ["http-nio-8080"]
31-Oct-2019 17:30:03.024 INFO [main] org.apache.coyote.AbstractProtocol.pause Pausing ProtocolHandler ["ajp-nio-8009"]
31-Oct-2019 17:30:03.385 INFO [main] org.apache.catalina.core.StandardService.stopInternal Stopping service [Catalina]
31-Oct-2019 17:30:03.446 INFO [main] org.apache.coyote.AbstractProtocol.stop Stopping ProtocolHandler ["http-nio-8080"]
31-Oct-2019 17:30:03.447 INFO [main] org.apache.coyote.AbstractProtocol.stop Stopping ProtocolHandler ["ajp-nio-8009"]
31-Oct-2019 17:30:03.448 INFO [main] org.apache.coyote.AbstractProtocol.destroy Destroying ProtocolHandler ["http-nio-8080"]
31-Oct-2019 17:30:03.449 INFO [main] org.apache.coyote.AbstractProtocol.destroy Destroying ProtocolHandler ["ajp-nio-8009"]
