11-Nov-2019 17:31:45.730 INFO [main] org.apache.catalina.startup.VersionLoggerListener.log Server version name:   Apache Tomcat/9.0.27
11-Nov-2019 17:31:45.741 INFO [main] org.apache.catalina.startup.VersionLoggerListener.log Server built:          Oct 7 2019 09:57:22 UTC
11-Nov-2019 17:31:45.741 INFO [main] org.apache.catalina.startup.VersionLoggerListener.log Server version number: 9.0.27.0
11-Nov-2019 17:31:45.742 INFO [main] org.apache.catalina.startup.VersionLoggerListener.log OS Name:               Windows 10
11-Nov-2019 17:31:45.742 INFO [main] org.apache.catalina.startup.VersionLoggerListener.log OS Version:            10.0
11-Nov-2019 17:31:45.742 INFO [main] org.apache.catalina.startup.VersionLoggerListener.log Architecture:          amd64
11-Nov-2019 17:31:45.742 INFO [main] org.apache.catalina.startup.VersionLoggerListener.log Java Home:             C:\Program Files\Java\jdk1.8.0_191\jre
11-Nov-2019 17:31:45.743 INFO [main] org.apache.catalina.startup.VersionLoggerListener.log JVM Version:           1.8.0_191-b12
11-Nov-2019 17:31:45.743 INFO [main] org.apache.catalina.startup.VersionLoggerListener.log JVM Vendor:            Oracle Corporation
11-Nov-2019 17:31:45.743 INFO [main] org.apache.catalina.startup.VersionLoggerListener.log CATALINA_BASE:         D:\Resources\solr-8.2.0\apache-tomcat-9.0.27
11-Nov-2019 17:31:45.743 INFO [main] org.apache.catalina.startup.VersionLoggerListener.log CATALINA_HOME:         D:\Resources\solr-8.2.0\apache-tomcat-9.0.27
11-Nov-2019 17:31:45.744 INFO [main] org.apache.catalina.startup.VersionLoggerListener.log Command line argument: -Djava.util.logging.config.file=D:\Resources\solr-8.2.0\apache-tomcat-9.0.27\conf\logging.properties
11-Nov-2019 17:31:45.744 INFO [main] org.apache.catalina.startup.VersionLoggerListener.log Command line argument: -Djava.util.logging.manager=org.apache.juli.ClassLoaderLogManager
11-Nov-2019 17:31:45.744 INFO [main] org.apache.catalina.startup.VersionLoggerListener.log Command line argument: -Djdk.tls.ephemeralDHKeySize=2048
11-Nov-2019 17:31:45.745 INFO [main] org.apache.catalina.startup.VersionLoggerListener.log Command line argument: -Djava.protocol.handler.pkgs=org.apache.catalina.webresources
11-Nov-2019 17:31:45.745 INFO [main] org.apache.catalina.startup.VersionLoggerListener.log Command line argument: -Dignore.endorsed.dirs=
11-Nov-2019 17:31:45.745 INFO [main] org.apache.catalina.startup.VersionLoggerListener.log Command line argument: -Dcatalina.base=D:\Resources\solr-8.2.0\apache-tomcat-9.0.27
11-Nov-2019 17:31:45.746 INFO [main] org.apache.catalina.startup.VersionLoggerListener.log Command line argument: -Dcatalina.home=D:\Resources\solr-8.2.0\apache-tomcat-9.0.27
11-Nov-2019 17:31:45.746 INFO [main] org.apache.catalina.startup.VersionLoggerListener.log Command line argument: -Djava.io.tmpdir=D:\Resources\solr-8.2.0\apache-tomcat-9.0.27\temp
11-Nov-2019 17:31:45.747 INFO [main] org.apache.catalina.core.AprLifecycleListener.lifecycleEvent Loaded APR based Apache Tomcat Native library [1.2.23] using APR version [1.7.0].
11-Nov-2019 17:31:45.748 INFO [main] org.apache.catalina.core.AprLifecycleListener.lifecycleEvent APR capabilities: IPv6 [true], sendfile [true], accept filters [false], random [true].
11-Nov-2019 17:31:45.749 INFO [main] org.apache.catalina.core.AprLifecycleListener.lifecycleEvent APR/OpenSSL configuration: useAprConnector [false], useOpenSSL [true]
11-Nov-2019 17:31:45.756 INFO [main] org.apache.catalina.core.AprLifecycleListener.initializeSSL OpenSSL successfully initialized [OpenSSL 1.1.1c  28 May 2019]
11-Nov-2019 17:31:46.217 INFO [main] org.apache.coyote.AbstractProtocol.init Initializing ProtocolHandler ["http-nio-8081"]
11-Nov-2019 17:31:46.754 INFO [main] org.apache.coyote.AbstractProtocol.init Initializing ProtocolHandler ["ajp-nio-8009"]
11-Nov-2019 17:31:46.758 INFO [main] org.apache.catalina.startup.Catalina.load Server initialization in [1,379] milliseconds
11-Nov-2019 17:31:46.823 INFO [main] org.apache.catalina.core.StandardService.startInternal Starting service [Catalina]
11-Nov-2019 17:31:46.824 INFO [main] org.apache.catalina.core.StandardEngine.startInternal Starting Servlet engine: [Apache Tomcat/9.0.27]
11-Nov-2019 17:31:46.840 INFO [main] org.apache.catalina.startup.HostConfig.deployDirectory Deploying web application directory [D:\Resources\solr-8.2.0\apache-tomcat-9.0.27\webapps\docs]
11-Nov-2019 17:31:47.174 INFO [main] org.apache.catalina.startup.HostConfig.deployDirectory Deployment of web application directory [D:\Resources\solr-8.2.0\apache-tomcat-9.0.27\webapps\docs] has finished in [335] ms
11-Nov-2019 17:31:47.174 INFO [main] org.apache.catalina.startup.HostConfig.deployDirectory Deploying web application directory [D:\Resources\solr-8.2.0\apache-tomcat-9.0.27\webapps\examples]
11-Nov-2019 17:31:47.595 INFO [main] org.apache.catalina.startup.HostConfig.deployDirectory Deployment of web application directory [D:\Resources\solr-8.2.0\apache-tomcat-9.0.27\webapps\examples] has finished in [421] ms
11-Nov-2019 17:31:47.596 INFO [main] org.apache.catalina.startup.HostConfig.deployDirectory Deploying web application directory [D:\Resources\solr-8.2.0\apache-tomcat-9.0.27\webapps\host-manager]
11-Nov-2019 17:31:47.643 INFO [main] org.apache.catalina.startup.HostConfig.deployDirectory Deployment of web application directory [D:\Resources\solr-8.2.0\apache-tomcat-9.0.27\webapps\host-manager] has finished in [46] ms
11-Nov-2019 17:31:47.643 INFO [main] org.apache.catalina.startup.HostConfig.deployDirectory Deploying web application directory [D:\Resources\solr-8.2.0\apache-tomcat-9.0.27\webapps\manager]
11-Nov-2019 17:31:47.681 INFO [main] org.apache.catalina.startup.HostConfig.deployDirectory Deployment of web application directory [D:\Resources\solr-8.2.0\apache-tomcat-9.0.27\webapps\manager] has finished in [38] ms
11-Nov-2019 17:31:47.681 INFO [main] org.apache.catalina.startup.HostConfig.deployDirectory Deploying web application directory [D:\Resources\solr-8.2.0\apache-tomcat-9.0.27\webapps\ROOT]
11-Nov-2019 17:31:47.716 INFO [main] org.apache.catalina.startup.HostConfig.deployDirectory Deployment of web application directory [D:\Resources\solr-8.2.0\apache-tomcat-9.0.27\webapps\ROOT] has finished in [35] ms
11-Nov-2019 17:31:47.720 INFO [main] org.apache.coyote.AbstractProtocol.start Starting ProtocolHandler ["http-nio-8081"]
11-Nov-2019 17:31:47.732 INFO [main] org.apache.coyote.AbstractProtocol.start Starting ProtocolHandler ["ajp-nio-8009"]
11-Nov-2019 17:31:47.738 INFO [main] org.apache.catalina.startup.Catalina.start Server startup in [979] milliseconds
11-Nov-2019 17:33:37.861 INFO [Catalina-utility-1] org.apache.catalina.startup.HostConfig.deployDirectory Deploying web application directory [D:\Resources\solr-8.2.0\apache-tomcat-9.0.27\webapps\webapp]
11-Nov-2019 17:33:43.837 INFO [Catalina-utility-1] org.apache.jasper.servlet.TldScanner.scanJars At least one JAR was scanned for TLDs yet contained no TLDs. Enable debug logging for this logger for a complete list of JARs that were scanned but no TLDs were found in them. Skipping unneeded JARs during scanning can improve startup time and JSP compilation time.
11-Nov-2019 17:33:43.847 SEVERE [Catalina-utility-1] org.apache.catalina.core.StandardContext.startInternal One or more Filters failed to start. Full details will be found in the appropriate container log file
11-Nov-2019 17:33:43.848 SEVERE [Catalina-utility-1] org.apache.catalina.core.StandardContext.startInternal Context [/webapp] startup failed due to previous errors
11-Nov-2019 17:33:43.883 INFO [Catalina-utility-1] org.apache.catalina.startup.HostConfig.deployDirectory Deployment of web application directory [D:\Resources\solr-8.2.0\apache-tomcat-9.0.27\webapps\webapp] has finished in [6,022] ms
11-Nov-2019 17:34:14.428 INFO [Catalina-utility-1] org.apache.catalina.startup.HostConfig.undeploy Undeploying context [/webapp]
11-Nov-2019 17:34:14.467 INFO [Catalina-utility-1] org.apache.catalina.startup.HostConfig.deployDirectory Deploying web application directory [D:\Resources\solr-8.2.0\apache-tomcat-9.0.27\webapps\solr]
11-Nov-2019 17:34:19.033 INFO [Catalina-utility-1] org.apache.jasper.servlet.TldScanner.scanJars At least one JAR was scanned for TLDs yet contained no TLDs. Enable debug logging for this logger for a complete list of JARs that were scanned but no TLDs were found in them. Skipping unneeded JARs during scanning can improve startup time and JSP compilation time.
11-Nov-2019 17:34:19.067 SEVERE [Catalina-utility-1] org.apache.catalina.core.StandardContext.startInternal One or more Filters failed to start. Full details will be found in the appropriate container log file
11-Nov-2019 17:34:19.067 SEVERE [Catalina-utility-1] org.apache.catalina.core.StandardContext.startInternal Context [/solr] startup failed due to previous errors
11-Nov-2019 17:34:19.077 INFO [Catalina-utility-1] org.apache.catalina.startup.HostConfig.deployDirectory Deployment of web application directory [D:\Resources\solr-8.2.0\apache-tomcat-9.0.27\webapps\solr] has finished in [4,610] ms
11-Nov-2019 18:06:30.995 INFO [Catalina-utility-1] org.apache.catalina.startup.HostConfig.reload Reloading context [/solr]
11-Nov-2019 18:06:37.003 INFO [Catalina-utility-1] org.apache.jasper.servlet.TldScanner.scanJars At least one JAR was scanned for TLDs yet contained no TLDs. Enable debug logging for this logger for a complete list of JARs that were scanned but no TLDs were found in them. Skipping unneeded JARs during scanning can improve startup time and JSP compilation time.
11-Nov-2019 18:08:30.962 INFO [Catalina-utility-1] org.apache.catalina.startup.HostConfig.reload Reloading context [/solr]
11-Nov-2019 18:08:30.965 INFO [Catalina-utility-1] org.apache.catalina.core.StandardContext.reload Reloading Context with name [/solr] has started
11-Nov-2019 18:08:31.052 WARNING [Catalina-utility-1] org.apache.catalina.loader.WebappClassLoaderBase.clearReferencesThreads The web application [solr] appears to have started a thread named [Log4j2-TF-1-AsyncLoggerConfig-1] but has failed to stop it. This is very likely to create a memory leak. Stack trace of thread:
 sun.misc.Unsafe.park(Native Method)
 java.util.concurrent.locks.LockSupport.parkNanos(LockSupport.java:215)
 java.util.concurrent.locks.AbstractQueuedSynchronizer$ConditionObject.awaitNanos(AbstractQueuedSynchronizer.java:2078)
 com.lmax.disruptor.TimeoutBlockingWaitStrategy.waitFor(TimeoutBlockingWaitStrategy.java:38)
 com.lmax.disruptor.ProcessingSequenceBarrier.waitFor(ProcessingSequenceBarrier.java:56)
 com.lmax.disruptor.BatchEventProcessor.processEvents(BatchEventProcessor.java:159)
 com.lmax.disruptor.BatchEventProcessor.run(BatchEventProcessor.java:125)
 java.lang.Thread.run(Thread.java:748)
11-Nov-2019 18:08:35.519 INFO [Catalina-utility-1] org.apache.jasper.servlet.TldScanner.scanJars At least one JAR was scanned for TLDs yet contained no TLDs. Enable debug logging for this logger for a complete list of JARs that were scanned but no TLDs were found in them. Skipping unneeded JARs during scanning can improve startup time and JSP compilation time.
11-Nov-2019 18:08:46.691 INFO [Catalina-utility-1] org.apache.catalina.core.StandardContext.reload Reloading Context with name [/solr] is completed
11-Nov-2019 18:08:54.730 INFO [main] org.apache.catalina.startup.VersionLoggerListener.log Server version name:   Apache Tomcat/9.0.27
11-Nov-2019 18:08:54.732 INFO [main] org.apache.catalina.startup.VersionLoggerListener.log Server built:          Oct 7 2019 09:57:22 UTC
11-Nov-2019 18:08:54.733 INFO [main] org.apache.catalina.startup.VersionLoggerListener.log Server version number: 9.0.27.0
11-Nov-2019 18:08:54.733 INFO [main] org.apache.catalina.startup.VersionLoggerListener.log OS Name:               Windows 10
11-Nov-2019 18:08:54.733 INFO [main] org.apache.catalina.startup.VersionLoggerListener.log OS Version:            10.0
11-Nov-2019 18:08:54.734 INFO [main] org.apache.catalina.startup.VersionLoggerListener.log Architecture:          amd64
11-Nov-2019 18:08:54.734 INFO [main] org.apache.catalina.startup.VersionLoggerListener.log Java Home:             C:\Program Files\Java\jdk1.8.0_191\jre
11-Nov-2019 18:08:54.734 INFO [main] org.apache.catalina.startup.VersionLoggerListener.log JVM Version:           1.8.0_191-b12
11-Nov-2019 18:08:54.734 INFO [main] org.apache.catalina.startup.VersionLoggerListener.log JVM Vendor:            Oracle Corporation
11-Nov-2019 18:08:54.735 INFO [main] org.apache.catalina.startup.VersionLoggerListener.log CATALINA_BASE:         D:\Resources\solr-8.2.0\apache-tomcat-9.0.27
11-Nov-2019 18:08:54.735 INFO [main] org.apache.catalina.startup.VersionLoggerListener.log CATALINA_HOME:         D:\Resources\solr-8.2.0\apache-tomcat-9.0.27
11-Nov-2019 18:08:54.735 INFO [main] org.apache.catalina.startup.VersionLoggerListener.log Command line argument: -Djava.util.logging.config.file=D:\Resources\solr-8.2.0\apache-tomcat-9.0.27\conf\logging.properties
11-Nov-2019 18:08:54.736 INFO [main] org.apache.catalina.startup.VersionLoggerListener.log Command line argument: -Djava.util.logging.manager=org.apache.juli.ClassLoaderLogManager
11-Nov-2019 18:08:54.736 INFO [main] org.apache.catalina.startup.VersionLoggerListener.log Command line argument: -Djdk.tls.ephemeralDHKeySize=2048
11-Nov-2019 18:08:54.736 INFO [main] org.apache.catalina.startup.VersionLoggerListener.log Command line argument: -Djava.protocol.handler.pkgs=org.apache.catalina.webresources
11-Nov-2019 18:08:54.736 INFO [main] org.apache.catalina.startup.VersionLoggerListener.log Command line argument: -Dignore.endorsed.dirs=
11-Nov-2019 18:08:54.737 INFO [main] org.apache.catalina.startup.VersionLoggerListener.log Command line argument: -Dcatalina.base=D:\Resources\solr-8.2.0\apache-tomcat-9.0.27
11-Nov-2019 18:08:54.740 INFO [main] org.apache.catalina.startup.VersionLoggerListener.log Command line argument: -Dcatalina.home=D:\Resources\solr-8.2.0\apache-tomcat-9.0.27
11-Nov-2019 18:08:54.741 INFO [main] org.apache.catalina.startup.VersionLoggerListener.log Command line argument: -Djava.io.tmpdir=D:\Resources\solr-8.2.0\apache-tomcat-9.0.27\temp
11-Nov-2019 18:08:54.741 INFO [main] org.apache.catalina.core.AprLifecycleListener.lifecycleEvent Loaded APR based Apache Tomcat Native library [1.2.23] using APR version [1.7.0].
11-Nov-2019 18:08:54.742 INFO [main] org.apache.catalina.core.AprLifecycleListener.lifecycleEvent APR capabilities: IPv6 [true], sendfile [true], accept filters [false], random [true].
11-Nov-2019 18:08:54.746 INFO [main] org.apache.catalina.core.AprLifecycleListener.lifecycleEvent APR/OpenSSL configuration: useAprConnector [false], useOpenSSL [true]
11-Nov-2019 18:08:54.756 INFO [main] org.apache.catalina.core.AprLifecycleListener.initializeSSL OpenSSL successfully initialized [OpenSSL 1.1.1c  28 May 2019]
11-Nov-2019 18:08:55.206 INFO [main] org.apache.coyote.AbstractProtocol.init Initializing ProtocolHandler ["http-nio-8081"]
11-Nov-2019 18:08:55.763 SEVERE [main] org.apache.catalina.util.LifecycleBase.handleSubClassException Failed to initialize component [Connector[HTTP/1.1-8081]]
	org.apache.catalina.LifecycleException: Protocol handler initialization failed
		at org.apache.catalina.connector.Connector.initInternal(Connector.java:983)
		at org.apache.catalina.util.LifecycleBase.init(LifecycleBase.java:136)
		at org.apache.catalina.core.StandardService.initInternal(StandardService.java:533)
		at org.apache.catalina.util.LifecycleBase.init(LifecycleBase.java:136)
		at org.apache.catalina.core.StandardServer.initInternal(StandardServer.java:1057)
		at org.apache.catalina.util.LifecycleBase.init(LifecycleBase.java:136)
		at org.apache.catalina.startup.Catalina.load(Catalina.java:584)
		at org.apache.catalina.startup.Catalina.load(Catalina.java:607)
		at sun.reflect.NativeMethodAccessorImpl.invoke0(Native Method)
		at sun.reflect.NativeMethodAccessorImpl.invoke(NativeMethodAccessorImpl.java:62)
		at sun.reflect.DelegatingMethodAccessorImpl.invoke(DelegatingMethodAccessorImpl.java:43)
		at java.lang.reflect.Method.invoke(Method.java:498)
		at org.apache.catalina.startup.Bootstrap.load(Bootstrap.java:304)
		at org.apache.catalina.startup.Bootstrap.main(Bootstrap.java:474)
	Caused by: java.net.BindException: Address already in use: bind
		at sun.nio.ch.Net.bind0(Native Method)
		at sun.nio.ch.Net.bind(Net.java:433)
		at sun.nio.ch.Net.bind(Net.java:425)
		at sun.nio.ch.ServerSocketChannelImpl.bind(ServerSocketChannelImpl.java:223)
		at sun.nio.ch.ServerSocketAdaptor.bind(ServerSocketAdaptor.java:74)
		at org.apache.tomcat.util.net.NioEndpoint.initServerSocket(NioEndpoint.java:230)
		at org.apache.tomcat.util.net.NioEndpoint.bind(NioEndpoint.java:213)
		at org.apache.tomcat.util.net.AbstractEndpoint.bindWithCleanup(AbstractEndpoint.java:1124)
		at org.apache.tomcat.util.net.AbstractEndpoint.init(AbstractEndpoint.java:1137)
		at org.apache.coyote.AbstractProtocol.init(AbstractProtocol.java:575)
		at org.apache.coyote.http11.AbstractHttp11Protocol.init(AbstractHttp11Protocol.java:74)
		at org.apache.catalina.connector.Connector.initInternal(Connector.java:980)
		... 13 more
11-Nov-2019 18:08:55.777 INFO [main] org.apache.coyote.AbstractProtocol.init Initializing ProtocolHandler ["ajp-nio-8009"]
11-Nov-2019 18:08:55.809 SEVERE [main] org.apache.catalina.util.LifecycleBase.handleSubClassException Failed to initialize component [Connector[AJP/1.3-8009]]
	org.apache.catalina.LifecycleException: Protocol handler initialization failed
		at org.apache.catalina.connector.Connector.initInternal(Connector.java:983)
		at org.apache.catalina.util.LifecycleBase.init(LifecycleBase.java:136)
		at org.apache.catalina.core.StandardService.initInternal(StandardService.java:533)
		at org.apache.catalina.util.LifecycleBase.init(LifecycleBase.java:136)
		at org.apache.catalina.core.StandardServer.initInternal(StandardServer.java:1057)
		at org.apache.catalina.util.LifecycleBase.init(LifecycleBase.java:136)
		at org.apache.catalina.startup.Catalina.load(Catalina.java:584)
		at org.apache.catalina.startup.Catalina.load(Catalina.java:607)
		at sun.reflect.NativeMethodAccessorImpl.invoke0(Native Method)
		at sun.reflect.NativeMethodAccessorImpl.invoke(NativeMethodAccessorImpl.java:62)
		at sun.reflect.DelegatingMethodAccessorImpl.invoke(DelegatingMethodAccessorImpl.java:43)
		at java.lang.reflect.Method.invoke(Method.java:498)
		at org.apache.catalina.startup.Bootstrap.load(Bootstrap.java:304)
		at org.apache.catalina.startup.Bootstrap.main(Bootstrap.java:474)
	Caused by: java.net.BindException: Address already in use: bind
		at sun.nio.ch.Net.bind0(Native Method)
		at sun.nio.ch.Net.bind(Net.java:433)
		at sun.nio.ch.Net.bind(Net.java:425)
		at sun.nio.ch.ServerSocketChannelImpl.bind(ServerSocketChannelImpl.java:223)
		at sun.nio.ch.ServerSocketAdaptor.bind(ServerSocketAdaptor.java:74)
		at org.apache.tomcat.util.net.NioEndpoint.initServerSocket(NioEndpoint.java:230)
		at org.apache.tomcat.util.net.NioEndpoint.bind(NioEndpoint.java:213)
		at org.apache.tomcat.util.net.AbstractEndpoint.bindWithCleanup(AbstractEndpoint.java:1124)
		at org.apache.tomcat.util.net.AbstractEndpoint.init(AbstractEndpoint.java:1137)
		at org.apache.coyote.AbstractProtocol.init(AbstractProtocol.java:575)
		at org.apache.catalina.connector.Connector.initInternal(Connector.java:980)
		... 13 more
11-Nov-2019 18:08:55.814 INFO [main] org.apache.catalina.startup.Catalina.load Server initialization in [1,371] milliseconds
11-Nov-2019 18:08:55.882 INFO [main] org.apache.catalina.core.StandardService.startInternal Starting service [Catalina]
11-Nov-2019 18:08:55.883 INFO [main] org.apache.catalina.core.StandardEngine.startInternal Starting Servlet engine: [Apache Tomcat/9.0.27]
11-Nov-2019 18:08:55.897 INFO [main] org.apache.catalina.startup.HostConfig.deployDirectory Deploying web application directory [D:\Resources\solr-8.2.0\apache-tomcat-9.0.27\webapps\docs]
11-Nov-2019 18:08:56.264 INFO [main] org.apache.catalina.startup.HostConfig.deployDirectory Deployment of web application directory [D:\Resources\solr-8.2.0\apache-tomcat-9.0.27\webapps\docs] has finished in [366] ms
11-Nov-2019 18:08:56.264 INFO [main] org.apache.catalina.startup.HostConfig.deployDirectory Deploying web application directory [D:\Resources\solr-8.2.0\apache-tomcat-9.0.27\webapps\examples]
11-Nov-2019 18:09:00.104 INFO [main] org.apache.catalina.startup.HostConfig.deployDirectory Deployment of web application directory [D:\Resources\solr-8.2.0\apache-tomcat-9.0.27\webapps\examples] has finished in [3,840] ms
11-Nov-2019 18:09:00.105 INFO [main] org.apache.catalina.startup.HostConfig.deployDirectory Deploying web application directory [D:\Resources\solr-8.2.0\apache-tomcat-9.0.27\webapps\host-manager]
11-Nov-2019 18:09:00.195 INFO [main] org.apache.catalina.startup.HostConfig.deployDirectory Deployment of web application directory [D:\Resources\solr-8.2.0\apache-tomcat-9.0.27\webapps\host-manager] has finished in [90] ms
11-Nov-2019 18:09:00.196 INFO [main] org.apache.catalina.startup.HostConfig.deployDirectory Deploying web application directory [D:\Resources\solr-8.2.0\apache-tomcat-9.0.27\webapps\manager]
11-Nov-2019 18:09:00.304 INFO [main] org.apache.catalina.startup.HostConfig.deployDirectory Deployment of web application directory [D:\Resources\solr-8.2.0\apache-tomcat-9.0.27\webapps\manager] has finished in [107] ms
11-Nov-2019 18:09:00.311 INFO [main] org.apache.catalina.startup.HostConfig.deployDirectory Deploying web application directory [D:\Resources\solr-8.2.0\apache-tomcat-9.0.27\webapps\ROOT]
11-Nov-2019 18:09:00.367 INFO [main] org.apache.catalina.startup.HostConfig.deployDirectory Deployment of web application directory [D:\Resources\solr-8.2.0\apache-tomcat-9.0.27\webapps\ROOT] has finished in [59] ms
11-Nov-2019 18:09:00.368 INFO [main] org.apache.catalina.startup.HostConfig.deployDirectory Deploying web application directory [D:\Resources\solr-8.2.0\apache-tomcat-9.0.27\webapps\solr]
11-Nov-2019 18:09:05.597 INFO [main] org.apache.jasper.servlet.TldScanner.scanJars At least one JAR was scanned for TLDs yet contained no TLDs. Enable debug logging for this logger for a complete list of JARs that were scanned but no TLDs were found in them. Skipping unneeded JARs during scanning can improve startup time and JSP compilation time.
11-Nov-2019 18:09:19.381 INFO [main] org.apache.catalina.startup.HostConfig.deployDirectory Deployment of web application directory [D:\Resources\solr-8.2.0\apache-tomcat-9.0.27\webapps\solr] has finished in [19,013] ms
11-Nov-2019 18:09:19.384 INFO [main] org.apache.catalina.startup.Catalina.start Server startup in [23,566] milliseconds
11-Nov-2019 18:09:19.403 SEVERE [main] org.apache.catalina.core.StandardServer.await Failed to create server shutdown socket on address [localhost] and port [8005] (base port [8005] and offset [0])
	java.net.BindException: Address already in use: JVM_Bind
		at java.net.DualStackPlainSocketImpl.bind0(Native Method)
		at java.net.DualStackPlainSocketImpl.socketBind(DualStackPlainSocketImpl.java:106)
		at java.net.AbstractPlainSocketImpl.bind(AbstractPlainSocketImpl.java:387)
		at java.net.PlainSocketImpl.bind(PlainSocketImpl.java:190)
		at java.net.ServerSocket.bind(ServerSocket.java:375)
		at java.net.ServerSocket.<init>(ServerSocket.java:237)
		at org.apache.catalina.core.StandardServer.await(StandardServer.java:584)
		at org.apache.catalina.startup.Catalina.await(Catalina.java:721)
		at org.apache.catalina.startup.Catalina.start(Catalina.java:667)
		at sun.reflect.NativeMethodAccessorImpl.invoke0(Native Method)
		at sun.reflect.NativeMethodAccessorImpl.invoke(NativeMethodAccessorImpl.java:62)
		at sun.reflect.DelegatingMethodAccessorImpl.invoke(DelegatingMethodAccessorImpl.java:43)
		at java.lang.reflect.Method.invoke(Method.java:498)
		at org.apache.catalina.startup.Bootstrap.start(Bootstrap.java:344)
		at org.apache.catalina.startup.Bootstrap.main(Bootstrap.java:475)
11-Nov-2019 18:09:19.405 INFO [main] org.apache.coyote.AbstractProtocol.pause Pausing ProtocolHandler ["http-nio-8081"]
11-Nov-2019 18:09:19.406 INFO [main] org.apache.coyote.AbstractProtocol.pause Pausing ProtocolHandler ["ajp-nio-8009"]
11-Nov-2019 18:09:19.411 INFO [main] org.apache.catalina.core.StandardService.stopInternal Stopping service [Catalina]
11-Nov-2019 18:09:19.585 WARNING [main] org.apache.catalina.loader.WebappClassLoaderBase.clearReferencesThreads The web application [solr] appears to have started a thread named [Log4j2-TF-1-AsyncLoggerConfig-1] but has failed to stop it. This is very likely to create a memory leak. Stack trace of thread:
 sun.misc.Unsafe.park(Native Method)
 java.util.concurrent.locks.LockSupport.parkNanos(LockSupport.java:215)
 java.util.concurrent.locks.AbstractQueuedSynchronizer$ConditionObject.awaitNanos(AbstractQueuedSynchronizer.java:2078)
 com.lmax.disruptor.TimeoutBlockingWaitStrategy.waitFor(TimeoutBlockingWaitStrategy.java:38)
 com.lmax.disruptor.ProcessingSequenceBarrier.waitFor(ProcessingSequenceBarrier.java:56)
 com.lmax.disruptor.BatchEventProcessor.processEvents(BatchEventProcessor.java:159)
 com.lmax.disruptor.BatchEventProcessor.run(BatchEventProcessor.java:125)
 java.lang.Thread.run(Thread.java:748)
11-Nov-2019 18:09:19.594 INFO [main] org.apache.coyote.AbstractProtocol.stop Stopping ProtocolHandler ["http-nio-8081"]
11-Nov-2019 18:09:19.595 INFO [main] org.apache.coyote.AbstractProtocol.destroy Destroying ProtocolHandler ["http-nio-8081"]
11-Nov-2019 18:09:19.596 INFO [main] org.apache.coyote.AbstractProtocol.stop Stopping ProtocolHandler ["ajp-nio-8009"]
11-Nov-2019 18:09:19.596 INFO [main] org.apache.coyote.AbstractProtocol.destroy Destroying ProtocolHandler ["ajp-nio-8009"]
11-Nov-2019 18:10:06.971 INFO [Catalina-utility-1] org.apache.catalina.startup.HostConfig.reload Reloading context [/solr]
11-Nov-2019 18:10:06.972 INFO [Catalina-utility-1] org.apache.catalina.core.StandardContext.reload Reloading Context with name [/solr] has started
11-Nov-2019 18:10:07.017 WARNING [Catalina-utility-1] org.apache.catalina.loader.WebappClassLoaderBase.clearReferencesThreads The web application [solr] appears to have started a thread named [Log4j2-TF-1-AsyncLoggerConfig-1] but has failed to stop it. This is very likely to create a memory leak. Stack trace of thread:
 sun.misc.Unsafe.park(Native Method)
 java.util.concurrent.locks.LockSupport.parkNanos(LockSupport.java:215)
 java.util.concurrent.locks.AbstractQueuedSynchronizer$ConditionObject.awaitNanos(AbstractQueuedSynchronizer.java:2078)
 com.lmax.disruptor.TimeoutBlockingWaitStrategy.waitFor(TimeoutBlockingWaitStrategy.java:38)
 com.lmax.disruptor.ProcessingSequenceBarrier.waitFor(ProcessingSequenceBarrier.java:56)
 com.lmax.disruptor.BatchEventProcessor.processEvents(BatchEventProcessor.java:159)
 com.lmax.disruptor.BatchEventProcessor.run(BatchEventProcessor.java:125)
 java.lang.Thread.run(Thread.java:748)
11-Nov-2019 18:10:11.000 INFO [Catalina-utility-1] org.apache.jasper.servlet.TldScanner.scanJars At least one JAR was scanned for TLDs yet contained no TLDs. Enable debug logging for this logger for a complete list of JARs that were scanned but no TLDs were found in them. Skipping unneeded JARs during scanning can improve startup time and JSP compilation time.
11-Nov-2019 18:10:16.549 INFO [Thread-5] org.apache.coyote.AbstractProtocol.pause Pausing ProtocolHandler ["http-nio-8081"]
11-Nov-2019 18:10:25.933 INFO [main] org.apache.catalina.startup.VersionLoggerListener.log Server version name:   Apache Tomcat/9.0.27
11-Nov-2019 18:10:25.936 INFO [main] org.apache.catalina.startup.VersionLoggerListener.log Server built:          Oct 7 2019 09:57:22 UTC
11-Nov-2019 18:10:25.936 INFO [main] org.apache.catalina.startup.VersionLoggerListener.log Server version number: 9.0.27.0
11-Nov-2019 18:10:25.937 INFO [main] org.apache.catalina.startup.VersionLoggerListener.log OS Name:               Windows 10
11-Nov-2019 18:10:25.937 INFO [main] org.apache.catalina.startup.VersionLoggerListener.log OS Version:            10.0
11-Nov-2019 18:10:25.937 INFO [main] org.apache.catalina.startup.VersionLoggerListener.log Architecture:          amd64
11-Nov-2019 18:10:25.938 INFO [main] org.apache.catalina.startup.VersionLoggerListener.log Java Home:             C:\Program Files\Java\jdk1.8.0_191\jre
11-Nov-2019 18:10:25.938 INFO [main] org.apache.catalina.startup.VersionLoggerListener.log JVM Version:           1.8.0_191-b12
11-Nov-2019 18:10:25.938 INFO [main] org.apache.catalina.startup.VersionLoggerListener.log JVM Vendor:            Oracle Corporation
11-Nov-2019 18:10:25.938 INFO [main] org.apache.catalina.startup.VersionLoggerListener.log CATALINA_BASE:         D:\Resources\solr-8.2.0\apache-tomcat-9.0.27
11-Nov-2019 18:10:25.939 INFO [main] org.apache.catalina.startup.VersionLoggerListener.log CATALINA_HOME:         D:\Resources\solr-8.2.0\apache-tomcat-9.0.27
11-Nov-2019 18:10:25.939 INFO [main] org.apache.catalina.startup.VersionLoggerListener.log Command line argument: -Djava.util.logging.config.file=D:\Resources\solr-8.2.0\apache-tomcat-9.0.27\conf\logging.properties
11-Nov-2019 18:10:25.940 INFO [main] org.apache.catalina.startup.VersionLoggerListener.log Command line argument: -Djava.util.logging.manager=org.apache.juli.ClassLoaderLogManager
11-Nov-2019 18:10:25.940 INFO [main] org.apache.catalina.startup.VersionLoggerListener.log Command line argument: -Djdk.tls.ephemeralDHKeySize=2048
11-Nov-2019 18:10:25.940 INFO [main] org.apache.catalina.startup.VersionLoggerListener.log Command line argument: -Djava.protocol.handler.pkgs=org.apache.catalina.webresources
11-Nov-2019 18:10:25.941 INFO [main] org.apache.catalina.startup.VersionLoggerListener.log Command line argument: -Dignore.endorsed.dirs=
11-Nov-2019 18:10:25.941 INFO [main] org.apache.catalina.startup.VersionLoggerListener.log Command line argument: -Dcatalina.base=D:\Resources\solr-8.2.0\apache-tomcat-9.0.27
11-Nov-2019 18:10:25.945 INFO [main] org.apache.catalina.startup.VersionLoggerListener.log Command line argument: -Dcatalina.home=D:\Resources\solr-8.2.0\apache-tomcat-9.0.27
11-Nov-2019 18:10:25.949 INFO [main] org.apache.catalina.startup.VersionLoggerListener.log Command line argument: -Djava.io.tmpdir=D:\Resources\solr-8.2.0\apache-tomcat-9.0.27\temp
11-Nov-2019 18:10:25.968 INFO [main] org.apache.catalina.core.AprLifecycleListener.lifecycleEvent Loaded APR based Apache Tomcat Native library [1.2.23] using APR version [1.7.0].
11-Nov-2019 18:10:25.974 INFO [main] org.apache.catalina.core.AprLifecycleListener.lifecycleEvent APR capabilities: IPv6 [true], sendfile [true], accept filters [false], random [true].
11-Nov-2019 18:10:25.992 INFO [main] org.apache.catalina.core.AprLifecycleListener.lifecycleEvent APR/OpenSSL configuration: useAprConnector [false], useOpenSSL [true]
11-Nov-2019 18:10:26.004 INFO [main] org.apache.catalina.core.AprLifecycleListener.initializeSSL OpenSSL successfully initialized [OpenSSL 1.1.1c  28 May 2019]
11-Nov-2019 18:10:26.381 INFO [main] org.apache.coyote.AbstractProtocol.init Initializing ProtocolHandler ["http-nio-8081"]
11-Nov-2019 18:10:27.012 INFO [main] org.apache.coyote.AbstractProtocol.init Initializing ProtocolHandler ["ajp-nio-8009"]
11-Nov-2019 18:10:27.025 INFO [main] org.apache.catalina.startup.Catalina.load Server initialization in [1,300] milliseconds
11-Nov-2019 18:10:27.078 INFO [main] org.apache.catalina.core.StandardService.startInternal Starting service [Catalina]
11-Nov-2019 18:10:27.078 INFO [main] org.apache.catalina.core.StandardEngine.startInternal Starting Servlet engine: [Apache Tomcat/9.0.27]
11-Nov-2019 18:10:27.089 INFO [main] org.apache.catalina.startup.HostConfig.deployDirectory Deploying web application directory [D:\Resources\solr-8.2.0\apache-tomcat-9.0.27\webapps\docs]
11-Nov-2019 18:10:27.411 INFO [main] org.apache.catalina.startup.HostConfig.deployDirectory Deployment of web application directory [D:\Resources\solr-8.2.0\apache-tomcat-9.0.27\webapps\docs] has finished in [322] ms
11-Nov-2019 18:10:27.412 INFO [main] org.apache.catalina.startup.HostConfig.deployDirectory Deploying web application directory [D:\Resources\solr-8.2.0\apache-tomcat-9.0.27\webapps\examples]
11-Nov-2019 18:10:28.452 INFO [main] org.apache.catalina.startup.HostConfig.deployDirectory Deployment of web application directory [D:\Resources\solr-8.2.0\apache-tomcat-9.0.27\webapps\examples] has finished in [1,040] ms
11-Nov-2019 18:10:28.453 INFO [main] org.apache.catalina.startup.HostConfig.deployDirectory Deploying web application directory [D:\Resources\solr-8.2.0\apache-tomcat-9.0.27\webapps\host-manager]
11-Nov-2019 18:10:28.498 INFO [main] org.apache.catalina.startup.HostConfig.deployDirectory Deployment of web application directory [D:\Resources\solr-8.2.0\apache-tomcat-9.0.27\webapps\host-manager] has finished in [45] ms
11-Nov-2019 18:10:28.499 INFO [main] org.apache.catalina.startup.HostConfig.deployDirectory Deploying web application directory [D:\Resources\solr-8.2.0\apache-tomcat-9.0.27\webapps\manager]
11-Nov-2019 18:10:28.568 INFO [main] org.apache.catalina.startup.HostConfig.deployDirectory Deployment of web application directory [D:\Resources\solr-8.2.0\apache-tomcat-9.0.27\webapps\manager] has finished in [69] ms
11-Nov-2019 18:10:28.569 INFO [main] org.apache.catalina.startup.HostConfig.deployDirectory Deploying web application directory [D:\Resources\solr-8.2.0\apache-tomcat-9.0.27\webapps\ROOT]
11-Nov-2019 18:10:28.634 INFO [main] org.apache.catalina.startup.HostConfig.deployDirectory Deployment of web application directory [D:\Resources\solr-8.2.0\apache-tomcat-9.0.27\webapps\ROOT] has finished in [65] ms
11-Nov-2019 18:10:28.635 INFO [main] org.apache.catalina.startup.HostConfig.deployDirectory Deploying web application directory [D:\Resources\solr-8.2.0\apache-tomcat-9.0.27\webapps\solr]
11-Nov-2019 18:10:33.640 INFO [main] org.apache.jasper.servlet.TldScanner.scanJars At least one JAR was scanned for TLDs yet contained no TLDs. Enable debug logging for this logger for a complete list of JARs that were scanned but no TLDs were found in them. Skipping unneeded JARs during scanning can improve startup time and JSP compilation time.
11-Nov-2019 18:10:34.721 INFO [main] org.apache.catalina.startup.HostConfig.deployDirectory Deployment of web application directory [D:\Resources\solr-8.2.0\apache-tomcat-9.0.27\webapps\solr] has finished in [6,086] ms
11-Nov-2019 18:10:34.727 INFO [main] org.apache.coyote.AbstractProtocol.start Starting ProtocolHandler ["http-nio-8081"]
11-Nov-2019 18:10:34.736 INFO [main] org.apache.coyote.AbstractProtocol.start Starting ProtocolHandler ["ajp-nio-8009"]
11-Nov-2019 18:10:34.741 INFO [main] org.apache.catalina.startup.Catalina.start Server startup in [7,715] milliseconds
11-Nov-2019 18:10:54.770 INFO [Catalina-utility-1] org.apache.catalina.startup.HostConfig.reload Reloading context [/solr]
11-Nov-2019 18:10:54.770 INFO [Catalina-utility-1] org.apache.catalina.core.StandardContext.reload Reloading Context with name [/solr] has started
11-Nov-2019 18:10:54.782 WARNING [Catalina-utility-1] org.apache.catalina.loader.WebappClassLoaderBase.clearReferencesThreads The web application [solr] appears to have started a thread named [Log4j2-TF-1-AsyncLoggerConfig-1] but has failed to stop it. This is very likely to create a memory leak. Stack trace of thread:
 sun.misc.Unsafe.park(Native Method)
 java.util.concurrent.locks.LockSupport.parkNanos(LockSupport.java:215)
 java.util.concurrent.locks.AbstractQueuedSynchronizer$ConditionObject.awaitNanos(AbstractQueuedSynchronizer.java:2078)
 com.lmax.disruptor.TimeoutBlockingWaitStrategy.waitFor(TimeoutBlockingWaitStrategy.java:38)
 com.lmax.disruptor.ProcessingSequenceBarrier.waitFor(ProcessingSequenceBarrier.java:56)
 com.lmax.disruptor.BatchEventProcessor.processEvents(BatchEventProcessor.java:159)
 com.lmax.disruptor.BatchEventProcessor.run(BatchEventProcessor.java:125)
 java.lang.Thread.run(Thread.java:748)
11-Nov-2019 18:10:59.714 INFO [Catalina-utility-1] org.apache.jasper.servlet.TldScanner.scanJars At least one JAR was scanned for TLDs yet contained no TLDs. Enable debug logging for this logger for a complete list of JARs that were scanned but no TLDs were found in them. Skipping unneeded JARs during scanning can improve startup time and JSP compilation time.
11-Nov-2019 18:11:12.530 INFO [Catalina-utility-1] org.apache.catalina.core.StandardContext.reload Reloading Context with name [/solr] is completed
