01-Dec-2019 00:21:23.664 INFO [main] org.apache.catalina.core.ApplicationContext.log ContextListener: contextInitialized()
01-Dec-2019 00:21:23.664 INFO [main] org.apache.catalina.core.ApplicationContext.log SessionListener: contextInitialized()
01-Dec-2019 00:21:23.665 INFO [main] org.apache.catalina.core.ApplicationContext.log ContextListener: attributeAdded('StockTicker', 'async.Stockticker@65e98b1c')
01-Dec-2019 02:41:53.139 INFO [main] org.apache.catalina.core.ApplicationContext.log SessionListener: contextDestroyed()
01-Dec-2019 02:41:53.140 INFO [main] org.apache.catalina.core.ApplicationContext.log ContextListener: contextDestroyed()
01-Dec-2019 12:23:43.506 INFO [main] org.apache.catalina.core.ApplicationContext.log ContextListener: contextInitialized()
01-Dec-2019 12:23:43.506 INFO [main] org.apache.catalina.core.ApplicationContext.log SessionListener: contextInitialized()
01-Dec-2019 12:23:43.508 INFO [main] org.apache.catalina.core.ApplicationContext.log ContextListener: attributeAdded('StockTicker', 'async.Stockticker@6ad82709')
01-Dec-2019 12:24:11.777 INFO [main] org.apache.catalina.core.ApplicationContext.log SessionListener: contextDestroyed()
01-Dec-2019 12:24:11.777 INFO [main] org.apache.catalina.core.ApplicationContext.log ContextListener: contextDestroyed()
01-Dec-2019 12:27:53.331 INFO [main] org.apache.catalina.core.ApplicationContext.log ContextListener: contextInitialized()
01-Dec-2019 12:27:53.331 INFO [main] org.apache.catalina.core.ApplicationContext.log SessionListener: contextInitialized()
01-Dec-2019 12:27:53.333 INFO [main] org.apache.catalina.core.ApplicationContext.log ContextListener: attributeAdded('StockTicker', 'async.Stockticker@65e98b1c')
01-Dec-2019 13:06:37.121 INFO [main] org.apache.catalina.core.ApplicationContext.log SessionListener: contextDestroyed()
01-Dec-2019 13:06:37.121 INFO [main] org.apache.catalina.core.ApplicationContext.log ContextListener: contextDestroyed()
01-Dec-2019 19:01:58.974 INFO [main] org.apache.catalina.core.ApplicationContext.log ContextListener: contextInitialized()
01-Dec-2019 19:01:58.974 INFO [main] org.apache.catalina.core.ApplicationContext.log SessionListener: contextInitialized()
01-Dec-2019 19:01:58.977 INFO [main] org.apache.catalina.core.ApplicationContext.log ContextListener: attributeAdded('StockTicker', 'async.Stockticker@1ff4931d')
01-Dec-2019 20:28:45.778 INFO [main] org.apache.catalina.core.ApplicationContext.log SessionListener: contextDestroyed()
01-Dec-2019 20:28:45.778 INFO [main] org.apache.catalina.core.ApplicationContext.log ContextListener: contextDestroyed()
01-Dec-2019 21:02:14.975 INFO [main] org.apache.catalina.core.ApplicationContext.log ContextListener: contextInitialized()
01-Dec-2019 21:02:14.975 INFO [main] org.apache.catalina.core.ApplicationContext.log SessionListener: contextInitialized()
01-Dec-2019 21:02:14.976 INFO [main] org.apache.catalina.core.ApplicationContext.log ContextListener: attributeAdded('StockTicker', 'async.Stockticker@65e98b1c')
